

Microchip Technology PIC LITE Macro Assembler V1.38 build -256452561 
                                                                                               Mon Dec 05 20:18:50 2016

Microchip Technology Omniscient Code Generator v1.38 (Free mode) build 201607010351
     1                           	processor	16F84A
     2                           	opt	pw 120
     3                           	opt	lm
     4                           	psect	cinit,global,class=CODE,merge=1,delta=2
     5                           	psect	cstackBANK0,global,class=BANK0,space=1,delta=1
     6                           	psect	maintext,global,class=CODE,split=1,delta=2
     7                           	psect	text1,local,class=CODE,merge=1,delta=2
     8                           	dabs	1,0x4E,2
     9  0000                     	;# 
    10  0001                     	;# 
    11  0002                     	;# 
    12  0003                     	;# 
    13  0004                     	;# 
    14  0005                     	;# 
    15  0006                     	;# 
    16  0008                     	;# 
    17  0009                     	;# 
    18  000A                     	;# 
    19  000B                     	;# 
    20  0081                     	;# 
    21  0085                     	;# 
    22  0086                     	;# 
    23  0088                     	;# 
    24  0089                     	;# 
    25  0005                     _PORTA	set	5
    26  0006                     _PORTB	set	6
    27  0085                     _TRISA	set	133
    28  0086                     _TRISB	set	134
    29                           
    30                           	psect	cinit
    31  03FE                     start_initialization:	
    32                           ; #config settings
    33                           
    34  03FE                     __initialization:	
    35  03FE                     end_of_initialization:	
    36                           ;End of C runtime variable initialization code
    37                           
    38  03FE                     __end_of__initialization:	
    39  03FE  0183               	clrf	3
    40  03FF  2B8A               	ljmp	_main	;jump to C main() function
    41                           
    42                           	psect	cstackBANK0
    43  000C                     __pcstackBANK0:	
    44  000C                     ?_AcquireData:	
    45  000C                     ??_AcquireData:	
    46                           ; 1 bytes @ 0x0
    47                           
    48  000C                     ?_main:	
    49                           ; 1 bytes @ 0x0
    50                           
    51                           
    52                           ; 1 bytes @ 0x0
    53  000C                     	ds	2
    54  000E                     AcquireData@data:	
    55                           
    56                           ; 1 bytes @ 0x2
    57  000E                     	ds	1
    58  000F                     AcquireData@i:	
    59                           
    60                           ; 1 bytes @ 0x3
    61  000F                     	ds	1
    62  0010                     ??_main:	
    63                           
    64                           ; 1 bytes @ 0x4
    65  0010                     	ds	1
    66  0011                     main@temp:	
    67                           
    68                           ; 1 bytes @ 0x5
    69  0011                     	ds	1
    70                           
    71                           	psect	maintext
    72  038A                     __pmaintext:	
    73 ;;
    74 ;;Main: autosize = 0, tempsize = 1, incstack = 0, save=0
    75 ;;
    76 ;; *************** function _main *****************
    77 ;; Defined at:
    78 ;;		line 95 in file "newmain.c"
    79 ;; Parameters:    Size  Location     Type
    80 ;;		None
    81 ;; Auto vars:     Size  Location     Type
    82 ;;  temp            1    5[BANK0 ] unsigned char 
    83 ;; Return value:  Size  Location     Type
    84 ;;                  1    wreg      void 
    85 ;; Registers used:
    86 ;;		wreg, status,2, status,0, pclath, cstack
    87 ;; Tracked objects:
    88 ;;		On entry : B00/0
    89 ;;		On exit  : 0/0
    90 ;;		Unchanged: 0/0
    91 ;; Data sizes:     COMMON   BANK0
    92 ;;      Params:         0       0
    93 ;;      Locals:         0       1
    94 ;;      Temps:          0       1
    95 ;;      Totals:         0       2
    96 ;;Total ram usage:        2 bytes
    97 ;; Hardware stack levels required when called:    1
    98 ;; This function calls:
    99 ;;		_AcquireData
   100 ;; This function is called by:
   101 ;;		Startup code after reset
   102 ;; This function uses a non-reentrant model
   103 ;;
   104                           
   105                           
   106                           ;psect for function _main
   107  038A                     _main:	
   108                           
   109                           ;newmain.c: 97: TRISA = 0xF0;
   110                           
   111                           ;incstack = 0
   112                           ; Regs used in _main: [wreg+status,2+status,0+pclath+cstack]
   113  038A  30F0               	movlw	240
   114  038B  1683               	bsf	3,5	;RP0=1, select bank1
   115  038C  0085               	movwf	5	;volatile
   116                           
   117                           ;newmain.c: 98: TRISB = 0x00;
   118  038D  0186               	clrf	6	;volatile
   119                           
   120                           ;newmain.c: 99: PORTA = 0x01;
   121  038E  3001               	movlw	1
   122  038F  1283               	bcf	3,5	;RP0=0, select bank0
   123  0390  0085               	movwf	5	;volatile
   124  0391                     l646:	
   125                           ;newmain.c: 101: while(1)
   126                           
   127                           
   128                           ;newmain.c: 102: {
   129                           ;newmain.c: 103: uint8_t temp = AcquireData();
   130  0391  23A8               	fcall	_AcquireData
   131  0392  1283               	bcf	3,5	;RP0=0, select bank0
   132  0393  0090               	movwf	??_main
   133  0394  0810               	movf	??_main,w
   134  0395  0091               	movwf	main@temp
   135                           
   136                           ;newmain.c: 104: if(temp & 0x80){
   137  0396  1F91               	btfss	main@temp,7
   138  0397  2B9E               	goto	l654
   139                           
   140                           ;newmain.c: 105: PORTA &= ~0x08;
   141  0398  30F7               	movlw	247
   142  0399  0090               	movwf	??_main
   143  039A  0810               	movf	??_main,w
   144  039B  0585               	andwf	5,f	;volatile
   145                           
   146                           ;newmain.c: 106: PORTA |= 0x04;
   147  039C  1505               	bsf	5,2	;volatile
   148                           
   149                           ;newmain.c: 107: } else{
   150  039D  2BA3               	goto	l658
   151  039E                     l654:	
   152                           
   153                           ;newmain.c: 108: PORTA &= ~0x04;
   154  039E  30FB               	movlw	251
   155  039F  0090               	movwf	??_main
   156  03A0  0810               	movf	??_main,w
   157  03A1  0585               	andwf	5,f	;volatile
   158                           
   159                           ;newmain.c: 109: PORTA |= 0x08;
   160  03A2  1585               	bsf	5,3	;volatile
   161  03A3                     l658:	
   162                           
   163                           ;newmain.c: 110: }
   164                           ;newmain.c: 111: PORTB = ~(temp & 0x7F);
   165  03A3  0811               	movf	main@temp,w
   166  03A4  397F               	andlw	127
   167  03A5  3AFF               	xorlw	255
   168  03A6  0086               	movwf	6	;volatile
   169  03A7  2B91               	goto	l646
   170  03A8                     __end_of_main:	
   171                           
   172                           	psect	text1
   173  03A8                     __ptext1:	
   174 ;; *************** function _AcquireData *****************
   175 ;; Defined at:
   176 ;;		line 77 in file "newmain.c"
   177 ;; Parameters:    Size  Location     Type
   178 ;;		None
   179 ;; Auto vars:     Size  Location     Type
   180 ;;  i               1    3[BANK0 ] unsigned char 
   181 ;;  data            1    2[BANK0 ] unsigned char 
   182 ;; Return value:  Size  Location     Type
   183 ;;                  1    wreg      unsigned char 
   184 ;; Registers used:
   185 ;;		wreg, status,2, status,0
   186 ;; Tracked objects:
   187 ;;		On entry : 0/0
   188 ;;		On exit  : 0/0
   189 ;;		Unchanged: 0/0
   190 ;; Data sizes:     COMMON   BANK0
   191 ;;      Params:         0       0
   192 ;;      Locals:         0       2
   193 ;;      Temps:          0       2
   194 ;;      Totals:         0       4
   195 ;;Total ram usage:        4 bytes
   196 ;; Hardware stack levels used:    1
   197 ;; This function calls:
   198 ;;		Nothing
   199 ;; This function is called by:
   200 ;;		_main
   201 ;; This function uses a non-reentrant model
   202 ;;
   203                           
   204                           
   205                           ;psect for function _AcquireData
   206  03A8                     _AcquireData:	
   207                           
   208                           ;newmain.c: 79: uint8_t data = 0;
   209                           
   210                           ;incstack = 0
   211                           ; Regs used in _AcquireData: [wreg+status,2+status,0]
   212  03A8  1283               	bcf	3,5	;RP0=0, select bank0
   213  03A9  018E               	clrf	AcquireData@data
   214                           
   215                           ;newmain.c: 80: PORTA &= ~0x01;
   216  03AA  30FE               	movlw	254
   217  03AB  008C               	movwf	??_AcquireData
   218  03AC  080C               	movf	??_AcquireData,w
   219  03AD  0585               	andwf	5,f	;volatile
   220                           
   221                           ;newmain.c: 81: _delay((unsigned long)((10)*(1000000/4000.0)));
   222  03AE  3004               	movlw	4
   223  03AF  008D               	movwf	??_AcquireData+1
   224  03B0  303D               	movlw	61
   225  03B1  008C               	movwf	??_AcquireData
   226  03B2                     u117:	
   227  03B2  0B8C               	decfsz	??_AcquireData,f
   228  03B3  2BB2               	goto	u117
   229  03B4  0B8D               	decfsz	??_AcquireData+1,f
   230  03B5  2BB2               	goto	u117
   231  03B6  2BB7               	nop2
   232                           
   233                           ;newmain.c: 82: PORTA |= 0x01;
   234  03B7  1283               	bcf	3,5	;RP0=0, select bank0
   235  03B8  1405               	bsf	5,0	;volatile
   236                           
   237                           ;newmain.c: 83: _delay((unsigned long)((10)*(1000000/4000.0)));
   238  03B9  3004               	movlw	4
   239  03BA  008D               	movwf	??_AcquireData+1
   240  03BB  303D               	movlw	61
   241  03BC  008C               	movwf	??_AcquireData
   242  03BD                     u127:	
   243  03BD  0B8C               	decfsz	??_AcquireData,f
   244  03BE  2BBD               	goto	u127
   245  03BF  0B8D               	decfsz	??_AcquireData+1,f
   246  03C0  2BBD               	goto	u127
   247  03C1  2BC2               	nop2
   248                           
   249                           ;newmain.c: 84: for(uint8_t i = 0; i < 8; i++){
   250  03C2  1283               	bcf	3,5	;RP0=0, select bank0
   251  03C3  018F               	clrf	AcquireData@i
   252  03C4  3008               	movlw	8
   253  03C5  020F               	subwf	AcquireData@i,w
   254  03C6  1803               	btfsc	3,0
   255  03C7  2BFC               	goto	l636
   256  03C8                     l620:	
   257                           
   258                           ;newmain.c: 85: _delay((unsigned long)((10)*(1000000/4000.0)));
   259  03C8  3004               	movlw	4
   260  03C9  008D               	movwf	??_AcquireData+1
   261  03CA  303D               	movlw	61
   262  03CB  008C               	movwf	??_AcquireData
   263  03CC                     u137:	
   264  03CC  0B8C               	decfsz	??_AcquireData,f
   265  03CD  2BCC               	goto	u137
   266  03CE  0B8D               	decfsz	??_AcquireData+1,f
   267  03CF  2BCC               	goto	u137
   268  03D0  2BD1               	nop2
   269                           
   270                           ;newmain.c: 86: data |= ((PORTA & 0x10) >> 4);
   271  03D1  1283               	bcf	3,5	;RP0=0, select bank0
   272  03D2  0805               	movf	5,w	;volatile
   273  03D3  008C               	movwf	??_AcquireData
   274  03D4  3004               	movlw	4
   275  03D5                     u75:	
   276  03D5  1003               	clrc
   277  03D6  0C8C               	rrf	??_AcquireData,f
   278  03D7  3EFF               	addlw	-1
   279  03D8  1D03               	skipz
   280  03D9  2BD5               	goto	u75
   281  03DA  080C               	movf	??_AcquireData,w
   282  03DB  3901               	andlw	1
   283  03DC  008D               	movwf	??_AcquireData+1
   284  03DD  080D               	movf	??_AcquireData+1,w
   285  03DE  048E               	iorwf	AcquireData@data,f
   286                           
   287                           ;newmain.c: 87: PORTA |= 0x02;
   288  03DF  1485               	bsf	5,1	;volatile
   289                           
   290                           ;newmain.c: 88: _delay((unsigned long)((10)*(1000000/4000.0)));
   291  03E0  3004               	movlw	4
   292  03E1  008D               	movwf	??_AcquireData+1
   293  03E2  303D               	movlw	61
   294  03E3  008C               	movwf	??_AcquireData
   295  03E4                     u147:	
   296  03E4  0B8C               	decfsz	??_AcquireData,f
   297  03E5  2BE4               	goto	u147
   298  03E6  0B8D               	decfsz	??_AcquireData+1,f
   299  03E7  2BE4               	goto	u147
   300  03E8  2BE9               	nop2
   301                           
   302                           ;newmain.c: 89: PORTA &= ~0x02;
   303  03E9  30FD               	movlw	253
   304  03EA  1283               	bcf	3,5	;RP0=0, select bank0
   305  03EB  008C               	movwf	??_AcquireData
   306  03EC  080C               	movf	??_AcquireData,w
   307  03ED  0585               	andwf	5,f	;volatile
   308                           
   309                           ;newmain.c: 90: if(i < 7)data <<= 1;
   310  03EE  3007               	movlw	7
   311  03EF  020F               	subwf	AcquireData@i,w
   312  03F0  1803               	skipnc
   313  03F1  2BF4               	goto	l632
   314  03F2  1003               	clrc
   315  03F3  0D8E               	rlf	AcquireData@data,f
   316  03F4                     l632:	
   317  03F4  3001               	movlw	1
   318  03F5  008C               	movwf	??_AcquireData
   319  03F6  080C               	movf	??_AcquireData,w
   320  03F7  078F               	addwf	AcquireData@i,f
   321  03F8  3008               	movlw	8
   322  03F9  020F               	subwf	AcquireData@i,w
   323  03FA  1C03               	skipc
   324  03FB  2BC8               	goto	l620
   325  03FC                     l636:	
   326                           
   327                           ;newmain.c: 91: }
   328                           ;newmain.c: 92: return data;
   329  03FC  080E               	movf	AcquireData@data,w
   330  03FD  0008               	return
   331  03FE                     __end_of_AcquireData:	
   332  004E                     btemp	set	78	;btemp
   333  004E                     wtemp	set	78
   334  004E                     wtemp0	set	78
   335  0050                     wtemp1	set	80
   336  0052                     wtemp2	set	82
   337  0054                     wtemp3	set	84
   338  0056                     wtemp4	set	86
   339  0058                     wtemp5	set	88
   340  004F                     wtemp6	set	79
   341  004E                     ttemp	set	78
   342  004E                     ttemp0	set	78
   343  0051                     ttemp1	set	81
   344  0054                     ttemp2	set	84
   345  0057                     ttemp3	set	87
   346  004F                     ttemp4	set	79
   347  004E                     ltemp	set	78
   348  004E                     ltemp0	set	78
   349  0052                     ltemp1	set	82
   350  0056                     ltemp2	set	86
   351  0050                     ltemp3	set	80


Data Sizes:
    Strings     0
    Constant    0
    Data        0
    BSS         0
    Persistent  0
    Stack       0

Auto Spaces:
    Space          Size  Autos    Used
    COMMON            0      0       0
    BANK0            66      6       6

Pointer List with Targets:

    None.

Critical Paths under _main in COMMON

    None.

Critical Paths under _main in BANK0

    _main->_AcquireData

Call Graph Tables:

 ---------------------------------------------------------------------------------
 (Depth) Function   	        Calls       Base Space   Used Autos Params    Refs
 ---------------------------------------------------------------------------------
 (0) _main                                                 2     2      0     138
                                              4 BANK0      2     2      0
                        _AcquireData
 ---------------------------------------------------------------------------------
 (1) _AcquireData                                          4     4      0      93
                                              0 BANK0      4     4      0
 ---------------------------------------------------------------------------------
 Estimated maximum stack depth 1
 ---------------------------------------------------------------------------------

 Call Graph Graphs:

 _main (ROOT)
   _AcquireData

 Address spaces:
Name               Size   Autos  Total    Cost      Usage
BITCOMMON            0      0       0       0        0.0%
EEDATA              40      0       0       0        0.0%
NULL                 0      0       0       0        0.0%
CODE                 0      0       0       0        0.0%
BITSFR0              0      0       0       1        0.0%
SFR0                 0      0       0       1        0.0%
COMMON               0      0       0       1        0.0%
BITSFR1              0      0       0       2        0.0%
SFR1                 0      0       0       2        0.0%
STACK                0      0       0       2        0.0%
BANK0               42      6       6       3        9.1%
ABS                  0      0       0       4        0.0%
BITBANK0            42      0       0       5        0.0%
DATA                 0      0       0       6        0.0%


Microchip Technology PIC Macro Assembler V1.38 build -256452561 
Symbol Table                                                                                   Mon Dec 05 20:18:50 2016

                     u75 03D5                      l620 03C8                      l632 03F4  
                    l636 03FC                      l654 039E                      l646 0391  
                    l658 03A3                      u117 03B2                      u127 03BD  
                    u137 03CC                      u147 03E4                     _main 038A  
                   btemp 004E                     ltemp 004E                     start 0000  
                   ttemp 004E                     wtemp 004E                    ?_main 000C  
                  _PORTA 0005                    _PORTB 0006                    _TRISA 0085  
                  _TRISB 0086              _AcquireData 03A8                    ltemp0 004E  
                  ltemp1 0052                    ltemp2 0056                    ltemp3 0050  
                  ttemp0 004E                    ttemp1 0051                    ttemp2 0054  
                  ttemp3 0057                    ttemp4 004F                    status 0003  
                  wtemp0 004E                    wtemp1 0050                    wtemp2 0052  
                  wtemp3 0054                    wtemp4 0056                    wtemp5 0058  
                  wtemp6 004F          __initialization 03FE             __end_of_main 03A8  
                 ??_main 0010  __end_of__initialization 03FE          AcquireData@data 000E  
             __pmaintext 038A             ?_AcquireData 000C                  __ptext1 03A8  
   end_of_initialization 03FE             AcquireData@i 000F      start_initialization 03FE  
   __size_of_AcquireData 0056                ___latbits 0000            __pcstackBANK0 000C  
          __size_of_main 001E                 main@temp 0011            ??_AcquireData 000C  
    __end_of_AcquireData 03FE  
