

Microchip Technology PIC LITE Macro Assembler V1.41 build -162212810 
                                                                                               Thu Mar 30 18:41:48 2017

Microchip Technology Omniscient Code Generator v1.41 (Free mode) build 201701250102
     1                           	processor	16F84A
     2                           	opt	pw 120
     3                           	opt	lm
     4                           	psect	idataBANK0,global,class=CODE,delta=2
     5                           	psect	cinit,global,class=CODE,merge=1,delta=2
     6                           	psect	dataBANK0,global,class=BANK0,space=1,delta=1
     7                           	psect	cstackBANK0,global,class=BANK0,space=1,delta=1
     8                           	psect	maintext,global,class=CODE,split=1,delta=2
     9                           	dabs	1,0x4E,2
    10  0000                     
    11                           ; Version 1.41
    12                           ; Generated 25/01/2017 GMT
    13                           ; 
    14                           ; Copyright © 2017, Microchip Technology Inc. and its subsidiaries ("Microchip")
    15                           ; All rights reserved.
    16                           ; 
    17                           ; This software is developed by Microchip Technology Inc. and its subsidiaries ("Microch
      +                          ip").
    18                           ; 
    19                           ; Redistribution and use in source and binary forms, with or without modification, are
    20                           ; permitted provided that the following conditions are met:
    21                           ; 
    22                           ;     1. Redistributions of source code must retain the above copyright notice, this lis
      +                          t of
    23                           ;        conditions and the following disclaimer.
    24                           ; 
    25                           ;     2. Redistributions in binary form must reproduce the above copyright notice, this 
      +                          list
    26                           ;        of conditions and the following disclaimer in the documentation and/or other
    27                           ;        materials provided with the distribution.
    28                           ; 
    29                           ;     3. Microchip's name may not be used to endorse or promote products derived from th
      +                          is
    30                           ;        software without specific prior written permission.
    31                           ; 
    32                           ; THIS SOFTWARE IS PROVIDED BY MICROCHIP "AS IS" AND ANY EXPRESS OR IMPLIED WARRANTIES,
    33                           ; INCLUDING, BUT NOT LIMITED TO, THE IMPLIED WARRANTIES OF MERCHANTABILITY AND FITNESS F
      +                          OR
    34                           ; PURPOSE ARE DISCLAIMED.  IN NO EVENT SHALL MICROCHIP BE LIABLE FOR ANY DIRECT, INDIREC
      +                          T,
    35                           ; INCIDENTAL, SPECIAL, EXEMPLARY, OR CONSEQUENTIAL DAMAGES (INCLUDING BUT NOT LIMITED TO
    36                           ; PROCUREMENT OF SUBSTITUTE GOODS OR SERVICES; LOSS OF USE, DATA OR PROFITS; OR BUSINESS
    37                           ; INTERRUPTION) HOWSOEVER CAUSED AND ON ANY THEORY OF LIABILITY, WHETHER IN CONTRACT, ST
      +                          RICT
    38                           ; LIABILITY, OR TORT (INCLUDING NEGLIGENCE OR OTHERWISE) ARISING IN ANY WAY OUT OF THE U
      +                          SE OF
    39                           ; THIS SOFTWARE, EVEN IF ADVISED OF THE POSSIBILITY OF SUCH DAMAGE.
    40                           ; 
    41                           ; 
    42                           ; Code-generator required, PIC16F84A Definitions
    43                           ; 
    44                           ; SFR Addresses
    45  0000                     	;# 
    46  0001                     	;# 
    47  0002                     	;# 
    48  0003                     	;# 
    49  0004                     	;# 
    50  0005                     	;# 
    51  0006                     	;# 
    52  0008                     	;# 
    53  0009                     	;# 
    54  000A                     	;# 
    55  000B                     	;# 
    56  0081                     	;# 
    57  0085                     	;# 
    58  0086                     	;# 
    59  0088                     	;# 
    60  0089                     	;# 
    61                           
    62                           	psect	idataBANK0
    63  0252                     __pidataBANK0:	
    64                           
    65                           ;initializer for main@F286
    66  0252  3402               	retlw	2
    67  0253  3400               	retlw	0
    68  0254  3405               	retlw	5
    69  0255  3400               	retlw	0
    70  0256  3401               	retlw	1
    71  0257  3400               	retlw	0
    72  0258  3404               	retlw	4
    73  0259  3400               	retlw	0
    74  025A  3403               	retlw	3
    75  025B  3400               	retlw	0
    76                           
    77                           	psect	cinit
    78  03EA                     start_initialization:	
    79                           ; #config settings
    80                           
    81  03EA                     __initialization:	
    82                           
    83                           ; Initialize objects allocated to BANK0
    84  03EA  2252               	fcall	__pidataBANK0	;fetch initializer
    85  03EB  00AD               	movwf	__pdataBANK0& (0+127)
    86  03EC  2253               	fcall	__pidataBANK0+1	;fetch initializer
    87  03ED  00AE               	movwf	(__pdataBANK0+1)& (0+127)
    88  03EE  2254               	fcall	__pidataBANK0+2	;fetch initializer
    89  03EF  00AF               	movwf	(__pdataBANK0+2)& (0+127)
    90  03F0  2255               	fcall	__pidataBANK0+3	;fetch initializer
    91  03F1  00B0               	movwf	(__pdataBANK0+3)& (0+127)
    92  03F2  2256               	fcall	__pidataBANK0+4	;fetch initializer
    93  03F3  00B1               	movwf	(__pdataBANK0+4)& (0+127)
    94  03F4  2257               	fcall	__pidataBANK0+5	;fetch initializer
    95  03F5  00B2               	movwf	(__pdataBANK0+5)& (0+127)
    96  03F6  2258               	fcall	__pidataBANK0+6	;fetch initializer
    97  03F7  00B3               	movwf	(__pdataBANK0+6)& (0+127)
    98  03F8  2259               	fcall	__pidataBANK0+7	;fetch initializer
    99  03F9  00B4               	movwf	(__pdataBANK0+7)& (0+127)
   100  03FA  225A               	fcall	__pidataBANK0+8	;fetch initializer
   101  03FB  00B5               	movwf	(__pdataBANK0+8)& (0+127)
   102  03FC  225B               	fcall	__pidataBANK0+9	;fetch initializer
   103  03FD  00B6               	movwf	(__pdataBANK0+9)& (0+127)
   104  03FE                     end_of_initialization:	
   105                           ;End of C runtime variable initialization code
   106                           
   107  03FE                     __end_of__initialization:	
   108  03FE  0183               	clrf	3
   109  03FF  2A5C               	ljmp	_main	;jump to C main() function
   110                           
   111                           	psect	dataBANK0
   112  002D                     __pdataBANK0:	
   113  002D                     main@F286:	
   114  002D                     	ds	10
   115                           
   116                           	psect	cstackBANK0
   117  000C                     __pcstackBANK0:	
   118  000C                     ?_main:	
   119  000C                     ??_main:	
   120                           ; 1 bytes @ 0x0
   121                           
   122                           
   123                           ; 1 bytes @ 0x0
   124  000C                     	ds	7
   125  0013                     main@temp:	
   126                           
   127                           ; 2 bytes @ 0x7
   128  0013                     	ds	2
   129  0015                     main@temp_29:	
   130                           
   131                           ; 2 bytes @ 0x9
   132  0015                     	ds	2
   133  0017                     main@min:	
   134                           
   135                           ; 2 bytes @ 0xB
   136  0017                     	ds	2
   137  0019                     main@a:	
   138                           
   139                           ; 10 bytes @ 0xD
   140  0019                     	ds	10
   141  0023                     main@i:	
   142                           
   143                           ; 2 bytes @ 0x17
   144  0023                     	ds	2
   145  0025                     main@j:	
   146                           
   147                           ; 2 bytes @ 0x19
   148  0025                     	ds	2
   149  0027                     main@j_28:	
   150                           
   151                           ; 2 bytes @ 0x1B
   152  0027                     	ds	2
   153  0029                     main@i_24:	
   154                           
   155                           ; 2 bytes @ 0x1D
   156  0029                     	ds	2
   157  002B                     main@i_27:	
   158                           
   159                           ; 2 bytes @ 0x1F
   160  002B                     	ds	2
   161                           
   162                           	psect	maintext
   163  025C                     __pmaintext:	
   164 ;;
   165 ;;Main: autosize = 0, tempsize = 7, incstack = 0, save=0
   166 ;;
   167 ;; *************** function _main *****************
   168 ;; Defined at:
   169 ;;		line 11 in file "newmain.c"
   170 ;; Parameters:    Size  Location     Type
   171 ;;		None
   172 ;; Auto vars:     Size  Location     Type
   173 ;;  temp            2    9[BANK0 ] int 
   174 ;;  temp            2    7[BANK0 ] int 
   175 ;;  j               2   27[BANK0 ] int 
   176 ;;  j               2   25[BANK0 ] int 
   177 ;;  i               2   31[BANK0 ] int 
   178 ;;  i               2   29[BANK0 ] int 
   179 ;;  i               2   23[BANK0 ] int 
   180 ;;  a              10   13[BANK0 ] int [5]
   181 ;;  min             2   11[BANK0 ] int 
   182 ;; Return value:  Size  Location     Type
   183 ;;                  1    wreg      void 
   184 ;; Registers used:
   185 ;;		wreg, fsr0l, fsr0h, status,2, status,0, btemp+1
   186 ;; Tracked objects:
   187 ;;		On entry : B00/0
   188 ;;		On exit  : 0/0
   189 ;;		Unchanged: 0/0
   190 ;; Data sizes:     COMMON   BANK0
   191 ;;      Params:         0       0
   192 ;;      Locals:         0      26
   193 ;;      Temps:          0       7
   194 ;;      Totals:         0      33
   195 ;;Total ram usage:       33 bytes
   196 ;; This function calls:
   197 ;;		Nothing
   198 ;; This function is called by:
   199 ;;		Startup code after reset
   200 ;; This function uses a non-reentrant model
   201 ;;
   202                           
   203                           
   204                           ;psect for function _main
   205  025C                     _main:	
   206                           
   207                           ;newmain.c: 12: int a[5] = {2,5,1,4,3};
   208                           
   209                           ;incstack = 0
   210                           ; Regs used in _main: [wreg-fsr0h+status,2+status,0+btemp+1]
   211  025C  3019               	movlw	main@a& (0+255)
   212  025D  0084               	movwf	4
   213  025E  302D               	movlw	low main@F286
   214  025F  1283               	bcf	3,5	;RP0=0, select bank0
   215  0260  008C               	movwf	??_main
   216  0261  0804               	movf	4,w
   217  0262  008D               	movwf	??_main+1
   218  0263  300A               	movlw	10
   219  0264  008E               	movwf	??_main+2
   220  0265                     u150:	
   221  0265  080C               	movf	??_main,w
   222  0266  0084               	movwf	4
   223  0267  1383               	bcf	3,7	;select IRP bank0
   224  0268  0800               	movf	0,w
   225  0269  008F               	movwf	??_main+3
   226  026A  0A8C               	incf	??_main,f
   227  026B  080D               	movf	??_main+1,w
   228  026C  0084               	movwf	4
   229  026D  080F               	movf	??_main+3,w
   230  026E  0080               	movwf	0
   231  026F  0A8D               	incf	??_main+1,f
   232  0270  0B8E               	decfsz	??_main+2,f
   233  0271  2A65               	goto	u150
   234                           
   235                           ;newmain.c: 13: int min = a[0];
   236  0272  081A               	movf	main@a+1,w
   237  0273  0098               	movwf	main@min+1
   238  0274  0819               	movf	main@a,w
   239  0275  0097               	movwf	main@min
   240                           
   241                           ;newmain.c: 14: for (int i = 0; i < 5; i++) {
   242  0276  01A3               	clrf	main@i
   243  0277  01A4               	clrf	main@i+1
   244  0278  0824               	movf	main@i+1,w
   245  0279  3A80               	xorlw	128
   246  027A  00CF               	movwf	79
   247  027B  3080               	movlw	128
   248  027C  024F               	subwf	79,w
   249  027D  1D03               	skipz
   250  027E  2A81               	goto	u165
   251  027F  3005               	movlw	5
   252  0280  0223               	subwf	main@i,w
   253  0281                     u165:	
   254  0281  1803               	btfsc	3,0
   255  0282  2AB9               	goto	l569
   256  0283                     l559:	
   257                           
   258                           ;newmain.c: 15: min = (a[i] < min ? a[i] : min);
   259  0283  1283               	bcf	3,5	;RP0=0, select bank0
   260  0284  0823               	movf	main@i,w
   261  0285  008C               	movwf	??_main
   262  0286  070C               	addwf	??_main,w
   263  0287  3E19               	addlw	(low (main@a| 0))& (0+255)
   264  0288  0084               	movwf	4
   265  0289  1383               	bcf	3,7	;select IRP bank0
   266  028A  0800               	movf	0,w
   267  028B  008D               	movwf	??_main+1
   268  028C  0A84               	incf	4,f
   269  028D  0800               	movf	0,w
   270  028E  008E               	movwf	??_main+2
   271  028F  080E               	movf	??_main+2,w
   272  0290  3A80               	xorlw	128
   273  0291  008F               	movwf	??_main+3
   274  0292  0818               	movf	main@min+1,w
   275  0293  3A80               	xorlw	128
   276  0294  020F               	subwf	??_main+3,w
   277  0295  1D03               	skipz
   278  0296  2A99               	goto	u175
   279  0297  0817               	movf	main@min,w
   280  0298  020D               	subwf	??_main+1,w
   281  0299                     u175:	
   282  0299  1803               	btfsc	3,0
   283  029A  2AA7               	goto	l565
   284  029B  1283               	bcf	3,5	;RP0=0, select bank0
   285  029C  0823               	movf	main@i,w
   286  029D  008C               	movwf	??_main
   287  029E  070C               	addwf	??_main,w
   288  029F  3E19               	addlw	(low (main@a| 0))& (0+255)
   289  02A0  0084               	movwf	4
   290  02A1  1383               	bcf	3,7	;select IRP bank0
   291  02A2  0800               	movf	0,w
   292  02A3  0097               	movwf	main@min
   293  02A4  0A84               	incf	4,f
   294  02A5  0800               	movf	0,w
   295  02A6  0098               	movwf	main@min+1
   296  02A7                     l565:	
   297  02A7  3001               	movlw	1
   298  02A8  1283               	bcf	3,5	;RP0=0, select bank0
   299  02A9  07A3               	addwf	main@i,f
   300  02AA  1803               	skipnc
   301  02AB  0AA4               	incf	main@i+1,f
   302  02AC  3000               	movlw	0
   303  02AD  07A4               	addwf	main@i+1,f
   304  02AE  0824               	movf	main@i+1,w
   305  02AF  3A80               	xorlw	128
   306  02B0  00CF               	movwf	79
   307  02B1  3080               	movlw	128
   308  02B2  024F               	subwf	79,w
   309  02B3  1D03               	skipz
   310  02B4  2AB7               	goto	u185
   311  02B5  3005               	movlw	5
   312  02B6  0223               	subwf	main@i,w
   313  02B7                     u185:	
   314  02B7  1C03               	skipc
   315  02B8  2A83               	goto	l559
   316  02B9                     l569:	
   317                           
   318                           ;newmain.c: 16: }
   319                           ;newmain.c: 17: for (int i =0; i < 4; i++) {
   320  02B9  1283               	bcf	3,5	;RP0=0, select bank0
   321  02BA  01A9               	clrf	main@i_24
   322  02BB  01AA               	clrf	main@i_24+1
   323  02BC  082A               	movf	main@i_24+1,w
   324  02BD  3A80               	xorlw	128
   325  02BE  00CF               	movwf	79
   326  02BF  3080               	movlw	128
   327  02C0  024F               	subwf	79,w
   328  02C1  1D03               	skipz
   329  02C2  2AC5               	goto	u195
   330  02C3  3004               	movlw	4
   331  02C4  0229               	subwf	main@i_24,w
   332  02C5                     u195:	
   333  02C5  1803               	btfsc	3,0
   334  02C6  2B51               	goto	l593
   335  02C7                     l575:	
   336                           
   337                           ;newmain.c: 18: for (int j =i; j < 5; j++) {
   338  02C7  1283               	bcf	3,5	;RP0=0, select bank0
   339  02C8  082A               	movf	main@i_24+1,w
   340  02C9  00A6               	movwf	main@j+1
   341  02CA  0829               	movf	main@i_24,w
   342  02CB  00A5               	movwf	main@j
   343  02CC  0826               	movf	main@j+1,w
   344  02CD  3A80               	xorlw	128
   345  02CE  00CF               	movwf	79
   346  02CF  3080               	movlw	128
   347  02D0  024F               	subwf	79,w
   348  02D1  1D03               	skipz
   349  02D2  2AD5               	goto	u205
   350  02D3  3005               	movlw	5
   351  02D4  0225               	subwf	main@j,w
   352  02D5                     u205:	
   353  02D5  1803               	btfsc	3,0
   354  02D6  2B3F               	goto	l589
   355  02D7                     l581:	
   356                           
   357                           ;newmain.c: 19: if (a[i] > a[j]) {
   358  02D7  1283               	bcf	3,5	;RP0=0, select bank0
   359  02D8  0829               	movf	main@i_24,w
   360  02D9  008C               	movwf	??_main
   361  02DA  070C               	addwf	??_main,w
   362  02DB  3E19               	addlw	(low (main@a| 0))& (0+255)
   363  02DC  0084               	movwf	4
   364  02DD  1383               	bcf	3,7	;select IRP bank0
   365  02DE  0800               	movf	0,w
   366  02DF  008D               	movwf	??_main+1
   367  02E0  0A84               	incf	4,f
   368  02E1  0800               	movf	0,w
   369  02E2  008E               	movwf	??_main+2
   370  02E3  0825               	movf	main@j,w
   371  02E4  008F               	movwf	??_main+3
   372  02E5  070F               	addwf	??_main+3,w
   373  02E6  3E19               	addlw	(low (main@a| 0))& (0+255)
   374  02E7  0084               	movwf	4
   375  02E8  0800               	movf	0,w
   376  02E9  0090               	movwf	??_main+4
   377  02EA  0A84               	incf	4,f
   378  02EB  0800               	movf	0,w
   379  02EC  0091               	movwf	??_main+5
   380  02ED  0811               	movf	??_main+5,w
   381  02EE  3A80               	xorlw	128
   382  02EF  0092               	movwf	??_main+6
   383  02F0  080E               	movf	??_main+2,w
   384  02F1  3A80               	xorlw	128
   385  02F2  0212               	subwf	??_main+6,w
   386  02F3  1D03               	skipz
   387  02F4  2AF7               	goto	u215
   388  02F5  080D               	movf	??_main+1,w
   389  02F6  0210               	subwf	??_main+4,w
   390  02F7                     u215:	
   391  02F7  1803               	skipnc
   392  02F8  2B2D               	goto	l585
   393                           
   394                           ;newmain.c: 20: int temp = a[i];
   395  02F9  1283               	bcf	3,5	;RP0=0, select bank0
   396  02FA  0829               	movf	main@i_24,w
   397  02FB  008C               	movwf	??_main
   398  02FC  070C               	addwf	??_main,w
   399  02FD  3E19               	addlw	(low (main@a| 0))& (0+255)
   400  02FE  0084               	movwf	4
   401  02FF  1383               	bcf	3,7	;select IRP bank0
   402  0300  0800               	movf	0,w
   403  0301  0093               	movwf	main@temp
   404  0302  0A84               	incf	4,f
   405  0303  0800               	movf	0,w
   406  0304  0094               	movwf	main@temp+1
   407                           
   408                           ;newmain.c: 21: a[i] = a[j];
   409  0305  0825               	movf	main@j,w
   410  0306  008C               	movwf	??_main
   411  0307  070C               	addwf	??_main,w
   412  0308  3E19               	addlw	(low (main@a| 0))& (0+255)
   413  0309  0084               	movwf	4
   414  030A  0800               	movf	0,w
   415  030B  008D               	movwf	??_main+1
   416  030C  0A84               	incf	4,f
   417  030D  0800               	movf	0,w
   418  030E  008E               	movwf	??_main+2
   419  030F  0829               	movf	main@i_24,w
   420  0310  008F               	movwf	??_main+3
   421  0311  070F               	addwf	??_main+3,w
   422  0312  3E19               	addlw	(low (main@a| 0))& (0+255)
   423  0313  0084               	movwf	4
   424  0314  080D               	movf	??_main+1,w
   425  0315  0080               	movwf	0
   426  0316  0A84               	incf	4,f
   427  0317  080E               	movf	??_main+2,w
   428  0318  0080               	movwf	0
   429                           
   430                           ;newmain.c: 22: a[j] = a[i];
   431  0319  0829               	movf	main@i_24,w
   432  031A  008C               	movwf	??_main
   433  031B  070C               	addwf	??_main,w
   434  031C  3E19               	addlw	(low (main@a| 0))& (0+255)
   435  031D  0084               	movwf	4
   436  031E  0800               	movf	0,w
   437  031F  008D               	movwf	??_main+1
   438  0320  0A84               	incf	4,f
   439  0321  0800               	movf	0,w
   440  0322  008E               	movwf	??_main+2
   441  0323  0825               	movf	main@j,w
   442  0324  008F               	movwf	??_main+3
   443  0325  070F               	addwf	??_main+3,w
   444  0326  3E19               	addlw	(low (main@a| 0))& (0+255)
   445  0327  0084               	movwf	4
   446  0328  080D               	movf	??_main+1,w
   447  0329  0080               	movwf	0
   448  032A  0A84               	incf	4,f
   449  032B  080E               	movf	??_main+2,w
   450  032C  0080               	movwf	0
   451  032D                     l585:	
   452  032D  3001               	movlw	1
   453  032E  1283               	bcf	3,5	;RP0=0, select bank0
   454  032F  07A5               	addwf	main@j,f
   455  0330  1803               	skipnc
   456  0331  0AA6               	incf	main@j+1,f
   457  0332  3000               	movlw	0
   458  0333  07A6               	addwf	main@j+1,f
   459  0334  0826               	movf	main@j+1,w
   460  0335  3A80               	xorlw	128
   461  0336  00CF               	movwf	79
   462  0337  3080               	movlw	128
   463  0338  024F               	subwf	79,w
   464  0339  1D03               	skipz
   465  033A  2B3D               	goto	u225
   466  033B  3005               	movlw	5
   467  033C  0225               	subwf	main@j,w
   468  033D                     u225:	
   469  033D  1C03               	skipc
   470  033E  2AD7               	goto	l581
   471  033F                     l589:	
   472  033F  3001               	movlw	1
   473  0340  1283               	bcf	3,5	;RP0=0, select bank0
   474  0341  07A9               	addwf	main@i_24,f
   475  0342  1803               	skipnc
   476  0343  0AAA               	incf	main@i_24+1,f
   477  0344  3000               	movlw	0
   478  0345  07AA               	addwf	main@i_24+1,f
   479  0346  082A               	movf	main@i_24+1,w
   480  0347  3A80               	xorlw	128
   481  0348  00CF               	movwf	79
   482  0349  3080               	movlw	128
   483  034A  024F               	subwf	79,w
   484  034B  1D03               	skipz
   485  034C  2B4F               	goto	u235
   486  034D  3004               	movlw	4
   487  034E  0229               	subwf	main@i_24,w
   488  034F                     u235:	
   489  034F  1C03               	skipc
   490  0350  2AC7               	goto	l575
   491  0351                     l593:	
   492                           
   493                           ;newmain.c: 23: }
   494                           ;newmain.c: 24: }
   495                           ;newmain.c: 25: }
   496                           ;newmain.c: 26: for (int i =0; i < 4; i++) {
   497  0351  1283               	bcf	3,5	;RP0=0, select bank0
   498  0352  01AB               	clrf	main@i_27
   499  0353  01AC               	clrf	main@i_27+1
   500  0354  082C               	movf	main@i_27+1,w
   501  0355  3A80               	xorlw	128
   502  0356  00CF               	movwf	79
   503  0357  3080               	movlw	128
   504  0358  024F               	subwf	79,w
   505  0359  1D03               	skipz
   506  035A  2B5D               	goto	u245
   507  035B  3004               	movlw	4
   508  035C  022B               	subwf	main@i_27,w
   509  035D                     u245:	
   510  035D  1803               	btfsc	3,0
   511  035E  2BE9               	goto	l21
   512  035F                     l599:	
   513                           
   514                           ;newmain.c: 27: for (int j =i; j < 5; j++) {
   515  035F  1283               	bcf	3,5	;RP0=0, select bank0
   516  0360  082C               	movf	main@i_27+1,w
   517  0361  00A8               	movwf	main@j_28+1
   518  0362  082B               	movf	main@i_27,w
   519  0363  00A7               	movwf	main@j_28
   520  0364  0828               	movf	main@j_28+1,w
   521  0365  3A80               	xorlw	128
   522  0366  00CF               	movwf	79
   523  0367  3080               	movlw	128
   524  0368  024F               	subwf	79,w
   525  0369  1D03               	skipz
   526  036A  2B6D               	goto	u255
   527  036B  3005               	movlw	5
   528  036C  0227               	subwf	main@j_28,w
   529  036D                     u255:	
   530  036D  1803               	btfsc	3,0
   531  036E  2BD7               	goto	l613
   532  036F                     l605:	
   533                           
   534                           ;newmain.c: 28: if (a[i] < a[j]) {
   535  036F  1283               	bcf	3,5	;RP0=0, select bank0
   536  0370  0827               	movf	main@j_28,w
   537  0371  008C               	movwf	??_main
   538  0372  070C               	addwf	??_main,w
   539  0373  3E19               	addlw	(low (main@a| 0))& (0+255)
   540  0374  0084               	movwf	4
   541  0375  1383               	bcf	3,7	;select IRP bank0
   542  0376  0800               	movf	0,w
   543  0377  008D               	movwf	??_main+1
   544  0378  0A84               	incf	4,f
   545  0379  0800               	movf	0,w
   546  037A  008E               	movwf	??_main+2
   547  037B  082B               	movf	main@i_27,w
   548  037C  008F               	movwf	??_main+3
   549  037D  070F               	addwf	??_main+3,w
   550  037E  3E19               	addlw	(low (main@a| 0))& (0+255)
   551  037F  0084               	movwf	4
   552  0380  0800               	movf	0,w
   553  0381  0090               	movwf	??_main+4
   554  0382  0A84               	incf	4,f
   555  0383  0800               	movf	0,w
   556  0384  0091               	movwf	??_main+5
   557  0385  0811               	movf	??_main+5,w
   558  0386  3A80               	xorlw	128
   559  0387  0092               	movwf	??_main+6
   560  0388  080E               	movf	??_main+2,w
   561  0389  3A80               	xorlw	128
   562  038A  0212               	subwf	??_main+6,w
   563  038B  1D03               	skipz
   564  038C  2B8F               	goto	u265
   565  038D  080D               	movf	??_main+1,w
   566  038E  0210               	subwf	??_main+4,w
   567  038F                     u265:	
   568  038F  1803               	skipnc
   569  0390  2BC5               	goto	l609
   570                           
   571                           ;newmain.c: 29: int temp = a[i];
   572  0391  1283               	bcf	3,5	;RP0=0, select bank0
   573  0392  082B               	movf	main@i_27,w
   574  0393  008C               	movwf	??_main
   575  0394  070C               	addwf	??_main,w
   576  0395  3E19               	addlw	(low (main@a| 0))& (0+255)
   577  0396  0084               	movwf	4
   578  0397  1383               	bcf	3,7	;select IRP bank0
   579  0398  0800               	movf	0,w
   580  0399  0095               	movwf	main@temp_29
   581  039A  0A84               	incf	4,f
   582  039B  0800               	movf	0,w
   583  039C  0096               	movwf	main@temp_29+1
   584                           
   585                           ;newmain.c: 30: a[i] = a[j];
   586  039D  0827               	movf	main@j_28,w
   587  039E  008C               	movwf	??_main
   588  039F  070C               	addwf	??_main,w
   589  03A0  3E19               	addlw	(low (main@a| 0))& (0+255)
   590  03A1  0084               	movwf	4
   591  03A2  0800               	movf	0,w
   592  03A3  008D               	movwf	??_main+1
   593  03A4  0A84               	incf	4,f
   594  03A5  0800               	movf	0,w
   595  03A6  008E               	movwf	??_main+2
   596  03A7  082B               	movf	main@i_27,w
   597  03A8  008F               	movwf	??_main+3
   598  03A9  070F               	addwf	??_main+3,w
   599  03AA  3E19               	addlw	(low (main@a| 0))& (0+255)
   600  03AB  0084               	movwf	4
   601  03AC  080D               	movf	??_main+1,w
   602  03AD  0080               	movwf	0
   603  03AE  0A84               	incf	4,f
   604  03AF  080E               	movf	??_main+2,w
   605  03B0  0080               	movwf	0
   606                           
   607                           ;newmain.c: 31: a[j] = a[i];
   608  03B1  082B               	movf	main@i_27,w
   609  03B2  008C               	movwf	??_main
   610  03B3  070C               	addwf	??_main,w
   611  03B4  3E19               	addlw	(low (main@a| 0))& (0+255)
   612  03B5  0084               	movwf	4
   613  03B6  0800               	movf	0,w
   614  03B7  008D               	movwf	??_main+1
   615  03B8  0A84               	incf	4,f
   616  03B9  0800               	movf	0,w
   617  03BA  008E               	movwf	??_main+2
   618  03BB  0827               	movf	main@j_28,w
   619  03BC  008F               	movwf	??_main+3
   620  03BD  070F               	addwf	??_main+3,w
   621  03BE  3E19               	addlw	(low (main@a| 0))& (0+255)
   622  03BF  0084               	movwf	4
   623  03C0  080D               	movf	??_main+1,w
   624  03C1  0080               	movwf	0
   625  03C2  0A84               	incf	4,f
   626  03C3  080E               	movf	??_main+2,w
   627  03C4  0080               	movwf	0
   628  03C5                     l609:	
   629  03C5  3001               	movlw	1
   630  03C6  1283               	bcf	3,5	;RP0=0, select bank0
   631  03C7  07A7               	addwf	main@j_28,f
   632  03C8  1803               	skipnc
   633  03C9  0AA8               	incf	main@j_28+1,f
   634  03CA  3000               	movlw	0
   635  03CB  07A8               	addwf	main@j_28+1,f
   636  03CC  0828               	movf	main@j_28+1,w
   637  03CD  3A80               	xorlw	128
   638  03CE  00CF               	movwf	79
   639  03CF  3080               	movlw	128
   640  03D0  024F               	subwf	79,w
   641  03D1  1D03               	skipz
   642  03D2  2BD5               	goto	u275
   643  03D3  3005               	movlw	5
   644  03D4  0227               	subwf	main@j_28,w
   645  03D5                     u275:	
   646  03D5  1C03               	skipc
   647  03D6  2B6F               	goto	l605
   648  03D7                     l613:	
   649  03D7  3001               	movlw	1
   650  03D8  1283               	bcf	3,5	;RP0=0, select bank0
   651  03D9  07AB               	addwf	main@i_27,f
   652  03DA  1803               	skipnc
   653  03DB  0AAC               	incf	main@i_27+1,f
   654  03DC  3000               	movlw	0
   655  03DD  07AC               	addwf	main@i_27+1,f
   656  03DE  082C               	movf	main@i_27+1,w
   657  03DF  3A80               	xorlw	128
   658  03E0  00CF               	movwf	79
   659  03E1  3080               	movlw	128
   660  03E2  024F               	subwf	79,w
   661  03E3  1D03               	skipz
   662  03E4  2BE7               	goto	u285
   663  03E5  3004               	movlw	4
   664  03E6  022B               	subwf	main@i_27,w
   665  03E7                     u285:	
   666  03E7  1C03               	skipc
   667  03E8  2B5F               	goto	l599
   668  03E9                     l21:	
   669                           ;newmain.c: 32: }
   670                           ;newmain.c: 33: }
   671                           ;newmain.c: 34: }
   672                           ;newmain.c: 35: return;
   673                           
   674  03E9  2800               	ljmp	start
   675  03EA                     __end_of_main:	
   676  004E                     btemp	set	78	;btemp
   677  004E                     wtemp0	set	78


Data Sizes:
    Strings     0
    Constant    0
    Data        10
    BSS         0
    Persistent  0
    Stack       0

Auto Spaces:
    Space          Size  Autos    Used
    COMMON            0      0       0
    BANK0            66     33      43

Pointer List with Targets:

    None.

Critical Paths under _main in COMMON

    None.

Critical Paths under _main in BANK0

    None.

Call Graph Tables:

 ---------------------------------------------------------------------------------
 (Depth) Function   	        Calls       Base Space   Used Autos Params    Refs
 ---------------------------------------------------------------------------------
 (0) _main                                                33    33      0    1047
                                              0 BANK0     33    33      0
 ---------------------------------------------------------------------------------
 Estimated maximum stack depth 0
 ---------------------------------------------------------------------------------

 Call Graph Graphs:

 _main (ROOT)

 Address spaces:
Name               Size   Autos  Total    Cost      Usage
SFR1                 0      0       0       2        0.0%
BITSFR1              0      0       0       2        0.0%
BANK0               42     21      2B       3       65.2%
BITBANK0            42      0       0       5        0.0%
SFR0                 0      0       0       1        0.0%
BITSFR0              0      0       0       1        0.0%
COMMON               0      0       0       1        0.0%
BITCOMMON            0      0       0       0        0.0%
CODE                 0      0       0       0        0.0%
DATA                 0      0      2B       6        0.0%
ABS                  0      0      2B       4        0.0%
NULL                 0      0       0       0        0.0%
STACK                0      0       0       2        0.0%
EEDATA              40      0       0       0        0.0%


Microchip Technology PIC Macro Assembler V1.41 build -162212810 
Symbol Table                                                                                   Thu Mar 30 18:41:48 2017

                     l21 03E9                      l613 03D7                      l605 036F  
                    l609 03C5                      l581 02D7                      l565 02A7  
                    l575 02C7                      l559 0283                      l585 032D  
                    l593 0351                      l569 02B9                      l589 033F  
                    l599 035F                      u205 02D5                      u150 0265  
                    u215 02F7                      u225 033D                      u235 034F  
                    u245 035D                      u165 0281                      u255 036D  
                    u175 0299                      u265 038F                      u185 02B7  
                    u275 03D5                      u195 02C5                      u285 03E7  
                    fsr0 0004                      indf 0000              main@temp_29 0015  
                   _main 025C                     btemp 004E                     start 0000  
                  ?_main 000C                    main@a 0019                    main@i 0023  
                  main@j 0025                    status 0003                    wtemp0 004E  
        __initialization 03EA             __end_of_main 03EA                   ??_main 000C  
__end_of__initialization 03FE             __pidataBANK0 0252               __pmaintext 025C  
                main@min 0017     end_of_initialization 03FE      start_initialization 03EA  
            __pdataBANK0 002D                ___latbits 0000            __pcstackBANK0 000C  
          __size_of_main 018E                 main@F286 002D                 main@i_24 0029  
               main@i_27 002B                 main@j_28 0027                 main@temp 0013  
