

Microchip Technology PIC LITE Macro Assembler V1.38 build -256452561 
                                                                                               Mon Dec 05 15:31:59 2016

Microchip Technology Omniscient Code Generator v1.38 (Free mode) build 201607010351
     1                           	processor	16F84A
     2                           	opt	pw 120
     3                           	opt	lm
     4                           	psect	cinit,global,class=CODE,merge=1,delta=2
     5                           	psect	cstackBANK0,global,class=BANK0,space=1,delta=1
     6                           	psect	maintext,global,class=CODE,split=1,delta=2
     7                           	dabs	1,0x4E,2
     8  0000                     	;# 
     9  0001                     	;# 
    10  0002                     	;# 
    11  0003                     	;# 
    12  0004                     	;# 
    13  0005                     	;# 
    14  0006                     	;# 
    15  0008                     	;# 
    16  0009                     	;# 
    17  000A                     	;# 
    18  000B                     	;# 
    19  0081                     	;# 
    20  0085                     	;# 
    21  0086                     	;# 
    22  0088                     	;# 
    23  0089                     	;# 
    24  0005                     _PORTA	set	5
    25  0006                     _PORTB	set	6
    26  0085                     _TRISA	set	133
    27  0086                     _TRISB	set	134
    28                           
    29                           	psect	cinit
    30  03FE                     start_initialization:	
    31                           ; #config settings
    32                           
    33  03FE                     __initialization:	
    34  03FE                     end_of_initialization:	
    35                           ;End of C runtime variable initialization code
    36                           
    37  03FE                     __end_of__initialization:	
    38  03FE  0183               	clrf	3
    39  03FF  2BDE               	ljmp	_main	;jump to C main() function
    40                           
    41                           	psect	cstackBANK0
    42  000C                     __pcstackBANK0:	
    43  000C                     ?_main:	
    44  000C                     ??_main:	
    45                           ; 1 bytes @ 0x0
    46                           
    47                           
    48                           ; 1 bytes @ 0x0
    49  000C                     	ds	1
    50  000D                     main@led_state:	
    51                           
    52                           ; 1 bytes @ 0x1
    53  000D                     	ds	1
    54  000E                     main@press_count:	
    55                           
    56                           ; 1 bytes @ 0x2
    57  000E                     	ds	1
    58                           
    59                           	psect	maintext
    60  03DE                     __pmaintext:	
    61 ;;
    62 ;;Main: autosize = 0, tempsize = 1, incstack = 0, save=0
    63 ;;
    64 ;; *************** function _main *****************
    65 ;; Defined at:
    66 ;;		line 14 in file "newmain.c"
    67 ;; Parameters:    Size  Location     Type
    68 ;;		None
    69 ;; Auto vars:     Size  Location     Type
    70 ;;  press_count     1    2[BANK0 ] unsigned char 
    71 ;;  led_state       1    1[BANK0 ] unsigned char 
    72 ;; Return value:  Size  Location     Type
    73 ;;                  1    wreg      void 
    74 ;; Registers used:
    75 ;;		wreg, status,2, status,0
    76 ;; Tracked objects:
    77 ;;		On entry : B00/0
    78 ;;		On exit  : 0/0
    79 ;;		Unchanged: 0/0
    80 ;; Data sizes:     COMMON   BANK0
    81 ;;      Params:         0       0
    82 ;;      Locals:         0       2
    83 ;;      Temps:          0       1
    84 ;;      Totals:         0       3
    85 ;;Total ram usage:        3 bytes
    86 ;; This function calls:
    87 ;;		Nothing
    88 ;; This function is called by:
    89 ;;		Startup code after reset
    90 ;; This function uses a non-reentrant model
    91 ;;
    92                           
    93                           
    94                           ;psect for function _main
    95  03DE                     _main:	
    96                           
    97                           ;newmain.c: 16: TRISA = 0xFF;
    98                           
    99                           ;incstack = 0
   100                           ; Regs used in _main: [wreg+status,2+status,0]
   101  03DE  30FF               	movlw	255
   102  03DF  1683               	bsf	3,5	;RP0=1, select bank1
   103  03E0  0085               	movwf	5	;volatile
   104                           
   105                           ;newmain.c: 17: TRISB = 0xE0;
   106  03E1  30E0               	movlw	224
   107  03E2  0086               	movwf	6	;volatile
   108                           
   109                           ;newmain.c: 18: PORTB = 0x00;
   110  03E3  1283               	bcf	3,5	;RP0=0, select bank0
   111  03E4  0186               	clrf	6	;volatile
   112                           
   113                           ;newmain.c: 20: uint8_t press_count = 0;
   114  03E5  018E               	clrf	main@press_count
   115                           
   116                           ;newmain.c: 21: uint8_t led_state = 0;
   117  03E6  018D               	clrf	main@led_state
   118  03E7                     l508:	
   119                           ;newmain.c: 22: while(1)
   120                           
   121                           
   122                           ;newmain.c: 23: {
   123                           ;newmain.c: 24: if(((PORTA & 0x10) == 0x00) && (press_count <= 0x0F)){
   124  03E7  1A05               	btfsc	5,4	;volatile
   125  03E8  2BE7               	goto	l508
   126  03E9  3010               	movlw	16
   127  03EA  020E               	subwf	main@press_count,w
   128  03EB  1803               	skipnc
   129  03EC  2BE7               	goto	l508
   130  03ED                     l13:	
   131                           ;newmain.c: 25: while((PORTA & 0x10) == 0x00);
   132                           
   133  03ED  1E05               	btfss	5,4	;volatile
   134  03EE  2BED               	goto	l13
   135                           
   136                           ;newmain.c: 26: press_count++;
   137  03EF  3001               	movlw	1
   138  03F0  008C               	movwf	??_main
   139  03F1  080C               	movf	??_main,w
   140  03F2  078E               	addwf	main@press_count,f
   141                           
   142                           ;newmain.c: 27: PORTB = press_count;
   143  03F3  080E               	movf	main@press_count,w
   144  03F4  0086               	movwf	6	;volatile
   145                           
   146                           ;newmain.c: 28: led_state ^= 0x10;
   147  03F5  3010               	movlw	16
   148  03F6  008C               	movwf	??_main
   149  03F7  080C               	movf	??_main,w
   150  03F8  068D               	xorwf	main@led_state,f
   151                           
   152                           ;newmain.c: 29: PORTB |= led_state;
   153  03F9  080D               	movf	main@led_state,w
   154  03FA  008C               	movwf	??_main
   155  03FB  080C               	movf	??_main,w
   156  03FC  0486               	iorwf	6,f	;volatile
   157  03FD  2BE7               	goto	l508
   158  03FE                     __end_of_main:	
   159  004E                     btemp	set	78	;btemp
   160  004E                     wtemp	set	78
   161  004E                     wtemp0	set	78
   162  0050                     wtemp1	set	80
   163  0052                     wtemp2	set	82
   164  0054                     wtemp3	set	84
   165  0056                     wtemp4	set	86
   166  0058                     wtemp5	set	88
   167  004F                     wtemp6	set	79
   168  004E                     ttemp	set	78
   169  004E                     ttemp0	set	78
   170  0051                     ttemp1	set	81
   171  0054                     ttemp2	set	84
   172  0057                     ttemp3	set	87
   173  004F                     ttemp4	set	79
   174  004E                     ltemp	set	78
   175  004E                     ltemp0	set	78
   176  0052                     ltemp1	set	82
   177  0056                     ltemp2	set	86
   178  0050                     ltemp3	set	80


Data Sizes:
    Strings     0
    Constant    0
    Data        0
    BSS         0
    Persistent  0
    Stack       0

Auto Spaces:
    Space          Size  Autos    Used
    COMMON            0      0       0
    BANK0            66      3       3

Pointer List with Targets:

    None.

Critical Paths under _main in COMMON

    None.

Critical Paths under _main in BANK0

    None.

Call Graph Tables:

 ---------------------------------------------------------------------------------
 (Depth) Function   	        Calls       Base Space   Used Autos Params    Refs
 ---------------------------------------------------------------------------------
 (0) _main                                                 3     3      0      70
                                              0 BANK0      3     3      0
 ---------------------------------------------------------------------------------
 Estimated maximum stack depth 0
 ---------------------------------------------------------------------------------

 Call Graph Graphs:

 _main (ROOT)

 Address spaces:
Name               Size   Autos  Total    Cost      Usage
BITCOMMON            0      0       0       0        0.0%
EEDATA              40      0       0       0        0.0%
NULL                 0      0       0       0        0.0%
CODE                 0      0       0       0        0.0%
BITSFR0              0      0       0       1        0.0%
SFR0                 0      0       0       1        0.0%
COMMON               0      0       0       1        0.0%
BITSFR1              0      0       0       2        0.0%
SFR1                 0      0       0       2        0.0%
STACK                0      0       0       2        0.0%
BANK0               42      3       3       3        4.5%
ABS                  0      0       0       4        0.0%
BITBANK0            42      0       0       5        0.0%
DATA                 0      0       0       6        0.0%


Microchip Technology PIC Macro Assembler V1.38 build -256452561 
Symbol Table                                                                                   Mon Dec 05 15:31:59 2016

                     l13 03ED                      l508 03E7                     _main 03DE  
                   btemp 004E                     ltemp 004E                     start 0000  
                   ttemp 004E                     wtemp 004E                    ?_main 000C  
                  _PORTA 0005                    _PORTB 0006                    _TRISA 0085  
                  _TRISB 0086                    ltemp0 004E                    ltemp1 0052  
                  ltemp2 0056                    ltemp3 0050                    ttemp0 004E  
                  ttemp1 0051                    ttemp2 0054                    ttemp3 0057  
                  ttemp4 004F                    status 0003                    wtemp0 004E  
                  wtemp1 0050                    wtemp2 0052                    wtemp3 0054  
                  wtemp4 0056                    wtemp5 0058                    wtemp6 004F  
        __initialization 03FE             __end_of_main 03FE                   ??_main 000C  
          main@led_state 000D  __end_of__initialization 03FE               __pmaintext 03DE  
   end_of_initialization 03FE      start_initialization 03FE                ___latbits 0000  
          __pcstackBANK0 000C            __size_of_main 0020          main@press_count 000E  
