

Microchip Technology PIC LITE Macro Assembler V1.38 build -256452561 
                                                                                               Wed Oct 26 06:35:34 2016

Microchip Technology Omniscient Code Generator v1.38 (Free mode) build 201607010351
     1                           	processor	16F84A
     2                           	opt	pw 120
     3                           	opt	lm
     4                           	psect	cinit,global,class=CODE,merge=1,delta=2
     5                           	psect	cstackBANK0,global,class=BANK0,space=1,delta=1
     6                           	psect	maintext,global,class=CODE,split=1,delta=2
     7                           	dabs	1,0x4E,2
     8  0000                     	;# 
     9  0001                     	;# 
    10  0002                     	;# 
    11  0003                     	;# 
    12  0004                     	;# 
    13  0005                     	;# 
    14  0006                     	;# 
    15  0008                     	;# 
    16  0009                     	;# 
    17  000A                     	;# 
    18  000B                     	;# 
    19  0081                     	;# 
    20  0085                     	;# 
    21  0086                     	;# 
    22  0088                     	;# 
    23  0089                     	;# 
    24  0005                     _PORTA	set	5
    25  0006                     _PORTB	set	6
    26  0085                     _TRISA	set	133
    27  0086                     _TRISB	set	134
    28                           
    29                           	psect	cinit
    30  03FE                     start_initialization:	
    31                           ; #config settings
    32                           
    33  03FE                     __initialization:	
    34  03FE                     end_of_initialization:	
    35                           ;End of C runtime variable initialization code
    36                           
    37  03FE                     __end_of__initialization:	
    38  03FE  0183               	clrf	3
    39  03FF  2BDD               	ljmp	_main	;jump to C main() function
    40                           
    41                           	psect	cstackBANK0
    42  000C                     __pcstackBANK0:	
    43  000C                     ?_main:	
    44  000C                     ??_main:	
    45                           ; 1 bytes @ 0x0
    46                           
    47                           
    48                           ; 1 bytes @ 0x0
    49  000C                     	ds	1
    50  000D                     main@led_enabled:	
    51                           
    52                           ; 1 bytes @ 0x1
    53  000D                     	ds	1
    54                           
    55                           	psect	maintext
    56  03DD                     __pmaintext:	
    57 ;;
    58 ;;Main: autosize = 0, tempsize = 1, incstack = 0, save=0
    59 ;;
    60 ;; *************** function _main *****************
    61 ;; Defined at:
    62 ;;		line 18 in file "newmain.c"
    63 ;; Parameters:    Size  Location     Type
    64 ;;		None
    65 ;; Auto vars:     Size  Location     Type
    66 ;;  led_enabled     1    1[BANK0 ] unsigned char 
    67 ;; Return value:  Size  Location     Type
    68 ;;                  1    wreg      void 
    69 ;; Registers used:
    70 ;;		wreg, status,2, status,0
    71 ;; Tracked objects:
    72 ;;		On entry : B00/0
    73 ;;		On exit  : 0/0
    74 ;;		Unchanged: 0/0
    75 ;; Data sizes:     COMMON   BANK0
    76 ;;      Params:         0       0
    77 ;;      Locals:         0       1
    78 ;;      Temps:          0       1
    79 ;;      Totals:         0       2
    80 ;;Total ram usage:        2 bytes
    81 ;; This function calls:
    82 ;;		Nothing
    83 ;; This function is called by:
    84 ;;		Startup code after reset
    85 ;; This function uses a non-reentrant model
    86 ;;
    87                           
    88                           
    89                           ;psect for function _main
    90  03DD                     _main:	
    91                           
    92                           ;newmain.c: 21: TRISA = 0xFE;
    93                           
    94                           ;incstack = 0
    95                           ; Regs used in _main: [wreg+status,2+status,0]
    96  03DD  30FE               	movlw	254
    97  03DE  1683               	bsf	3,5	;RP0=1, select bank1
    98  03DF  0085               	movwf	5	;volatile
    99                           
   100                           ;newmain.c: 22: TRISB = 0xFF;
   101  03E0  30FF               	movlw	255
   102  03E1  0086               	movwf	6	;volatile
   103                           
   104                           ;newmain.c: 23: PORTA = 0x01;
   105  03E2  3001               	movlw	1
   106  03E3  1283               	bcf	3,5	;RP0=0, select bank0
   107  03E4  0085               	movwf	5	;volatile
   108                           
   109                           ;newmain.c: 25: bool led_enabled = 0;
   110  03E5  018D               	clrf	main@led_enabled
   111  03E6                     l508:	
   112                           ;newmain.c: 26: while(1)
   113                           
   114                           
   115                           ;newmain.c: 27: {
   116                           ;newmain.c: 28: if((PORTB & 0x01) == 0x00){
   117  03E6  1806               	btfsc	6,0	;volatile
   118  03E7  2BEE               	goto	l514
   119  03E8                     l13:	
   120                           ;newmain.c: 29: while((PORTB & 0x01) == 0x00);
   121                           
   122  03E8  1C06               	btfss	6,0	;volatile
   123  03E9  2BE8               	goto	l13
   124                           
   125                           ;newmain.c: 30: led_enabled ^= 1;
   126  03EA  3001               	movlw	1
   127  03EB  008C               	movwf	??_main
   128  03EC  080C               	movf	??_main,w
   129  03ED  068D               	xorwf	main@led_enabled,f
   130  03EE                     l514:	
   131                           
   132                           ;newmain.c: 31: }
   133                           ;newmain.c: 32: if((PORTB & 0x02) == 0x00){
   134  03EE  1886               	btfsc	6,1	;volatile
   135  03EF  2BF6               	goto	l16
   136  03F0                     l17:	
   137                           ;newmain.c: 33: while((PORTB & 0x02) == 0x00);
   138                           
   139  03F0  1C86               	btfss	6,1	;volatile
   140  03F1  2BF0               	goto	l17
   141                           
   142                           ;newmain.c: 34: led_enabled ^= 1;
   143  03F2  3001               	movlw	1
   144  03F3  008C               	movwf	??_main
   145  03F4  080C               	movf	??_main,w
   146  03F5  068D               	xorwf	main@led_enabled,f
   147  03F6                     l16:	
   148                           
   149                           ;newmain.c: 35: }
   150                           ;newmain.c: 36: if(led_enabled) PORTA = 0x00;
   151  03F6  080D               	movf	main@led_enabled,w
   152  03F7  1903               	btfsc	3,2
   153  03F8  2BFB               	goto	l522
   154  03F9  0185               	clrf	5	;volatile
   155  03FA  2BE6               	goto	l508
   156  03FB                     l522:	
   157                           
   158                           ;newmain.c: 37: else PORTA = 0x01;
   159  03FB  3001               	movlw	1
   160  03FC  0085               	movwf	5	;volatile
   161  03FD  2BE6               	goto	l508
   162  03FE                     __end_of_main:	
   163  004E                     btemp	set	78	;btemp
   164  004E                     wtemp	set	78
   165  004E                     wtemp0	set	78
   166  0050                     wtemp1	set	80
   167  0052                     wtemp2	set	82
   168  0054                     wtemp3	set	84
   169  0056                     wtemp4	set	86
   170  0058                     wtemp5	set	88
   171  004F                     wtemp6	set	79
   172  004E                     ttemp	set	78
   173  004E                     ttemp0	set	78
   174  0051                     ttemp1	set	81
   175  0054                     ttemp2	set	84
   176  0057                     ttemp3	set	87
   177  004F                     ttemp4	set	79
   178  004E                     ltemp	set	78
   179  004E                     ltemp0	set	78
   180  0052                     ltemp1	set	82
   181  0056                     ltemp2	set	86
   182  0050                     ltemp3	set	80


Data Sizes:
    Strings     0
    Constant    0
    Data        0
    BSS         0
    Persistent  0
    Stack       0

Auto Spaces:
    Space          Size  Autos    Used
    COMMON            0      0       0
    BANK0            66      2       2

Pointer List with Targets:

    None.

Critical Paths under _main in COMMON

    None.

Critical Paths under _main in BANK0

    None.

Call Graph Tables:

 ---------------------------------------------------------------------------------
 (Depth) Function   	        Calls       Base Space   Used Autos Params    Refs
 ---------------------------------------------------------------------------------
 (0) _main                                                 2     2      0      25
                                              0 BANK0      2     2      0
 ---------------------------------------------------------------------------------
 Estimated maximum stack depth 0
 ---------------------------------------------------------------------------------

 Call Graph Graphs:

 _main (ROOT)

 Address spaces:
Name               Size   Autos  Total    Cost      Usage
BITCOMMON            0      0       0       0        0.0%
EEDATA              40      0       0       0        0.0%
NULL                 0      0       0       0        0.0%
CODE                 0      0       0       0        0.0%
BITSFR0              0      0       0       1        0.0%
SFR0                 0      0       0       1        0.0%
COMMON               0      0       0       1        0.0%
BITSFR1              0      0       0       2        0.0%
SFR1                 0      0       0       2        0.0%
STACK                0      0       0       2        0.0%
BANK0               42      2       2       3        3.0%
ABS                  0      0       0       4        0.0%
BITBANK0            42      0       0       5        0.0%
DATA                 0      0       0       6        0.0%


Microchip Technology PIC Macro Assembler V1.38 build -256452561 
Symbol Table                                                                                   Wed Oct 26 06:35:34 2016

                     l13 03E8                       l16 03F6                       l17 03F0  
                    l522 03FB                      l514 03EE                      l508 03E6  
                   _main 03DD                     btemp 004E                     ltemp 004E  
                   start 0000                     ttemp 004E                     wtemp 004E  
                  ?_main 000C                    _PORTA 0005                    _PORTB 0006  
                  _TRISA 0085                    _TRISB 0086                    ltemp0 004E  
                  ltemp1 0052                    ltemp2 0056                    ltemp3 0050  
                  ttemp0 004E                    ttemp1 0051                    ttemp2 0054  
                  ttemp3 0057                    ttemp4 004F                    status 0003  
                  wtemp0 004E                    wtemp1 0050                    wtemp2 0052  
                  wtemp3 0054                    wtemp4 0056                    wtemp5 0058  
                  wtemp6 004F          __initialization 03FE             __end_of_main 03FE  
                 ??_main 000C  __end_of__initialization 03FE               __pmaintext 03DD  
   end_of_initialization 03FE      start_initialization 03FE                ___latbits 0000  
          __pcstackBANK0 000C          main@led_enabled 000D            __size_of_main 0021  
