

Microchip Technology PIC LITE Macro Assembler V1.38 build -256452561 
                                                                                               Tue Oct 25 15:42:08 2016

Microchip Technology Omniscient Code Generator v1.38 (Free mode) build 201607010351
     1                           	processor	16F84A
     2                           	opt	pw 120
     3                           	opt	lm
     4                           	psect	cinit,global,class=CODE,merge=1,delta=2
     5                           	psect	cstackCOMMON,global,class=COMMON,space=1,delta=1
     6                           	psect	cstackBANK0,global,class=BANK0,space=1,delta=1
     7                           	psect	maintext,global,class=CODE,split=1,delta=2
     8                           	psect	text1,local,class=CODE,merge=1,delta=2
     9                           	psect	text2,local,class=CODE,merge=1,delta=2
    10                           	psect	text3,local,class=CODE,merge=1,delta=2
    11                           	psect	text4,local,class=CODE,merge=1,delta=2
    12                           	psect	swtext1,local,class=CONST,delta=2
    13                           	psect	swtext2,local,class=CONST,delta=2
    14                           	dabs	1,0x4E,2
    15  0000                     	;# 
    16  0001                     	;# 
    17  0002                     	;# 
    18  0003                     	;# 
    19  0004                     	;# 
    20  0005                     	;# 
    21  0006                     	;# 
    22  0008                     	;# 
    23  0009                     	;# 
    24  000A                     	;# 
    25  000B                     	;# 
    26  0081                     	;# 
    27  0085                     	;# 
    28  0086                     	;# 
    29  0088                     	;# 
    30  0089                     	;# 
    31  0005                     _PORTA	set	5
    32  0006                     _PORTB	set	6
    33  0001                     _TMR0	set	1
    34  005A                     _T0IF	set	90
    35  0085                     _TRISA	set	133
    36  0086                     _TRISB	set	134
    37  0408                     _PS0	set	1032
    38  0409                     _PS1	set	1033
    39  040A                     _PS2	set	1034
    40  040B                     _PSA	set	1035
    41  040D                     _T0CS	set	1037
    42  040C                     _T0SE	set	1036
    43                           
    44                           	psect	cinit
    45  03FE                     start_initialization:	
    46                           ; #config settings
    47                           
    48  03FE                     __initialization:	
    49  03FE                     end_of_initialization:	
    50                           ;End of C runtime variable initialization code
    51                           
    52  03FE                     __end_of__initialization:	
    53  03FE  0183               	clrf	3
    54  03FF  2B38               	ljmp	_main	;jump to C main() function
    55                           
    56                           	psect	cstackCOMMON
    57  0000                     __pcstackCOMMON:	
    58  0000                     ??_DisplayDigit:	
    59                           
    60                           	psect	cstackBANK0
    61  000C                     __pcstackBANK0:	
    62                           ; 1 bytes @ 0x0
    63                           
    64  000C                     ?_main:	
    65  000C                     ?___lwmod:	
    66                           ; 1 bytes @ 0x0
    67                           
    68  000C                     ___lwmod@divisor:	
    69                           ; 2 bytes @ 0x0
    70                           
    71                           
    72                           ; 2 bytes @ 0x0
    73  000C                     	ds	2
    74  000E                     ___lwmod@dividend:	
    75                           
    76                           ; 2 bytes @ 0x2
    77  000E                     	ds	2
    78  0010                     ??___lwmod:	
    79                           
    80                           ; 1 bytes @ 0x4
    81  0010                     	ds	1
    82  0011                     ___lwmod@counter:	
    83                           
    84                           ; 1 bytes @ 0x5
    85  0011                     	ds	1
    86  0012                     ?___lwdiv:	
    87  0012                     ___lwdiv@divisor:	
    88                           ; 2 bytes @ 0x6
    89                           
    90                           
    91                           ; 2 bytes @ 0x6
    92  0012                     	ds	2
    93  0014                     ___lwdiv@dividend:	
    94                           
    95                           ; 2 bytes @ 0x8
    96  0014                     	ds	2
    97  0016                     ??___lwdiv:	
    98                           
    99                           ; 1 bytes @ 0xA
   100  0016                     	ds	1
   101  0017                     ___lwdiv@quotient:	
   102                           
   103                           ; 2 bytes @ 0xB
   104  0017                     	ds	2
   105  0019                     ___lwdiv@counter:	
   106                           
   107                           ; 1 bytes @ 0xD
   108  0019                     	ds	1
   109  001A                     ?_DisplayDigit:	
   110  001A                     DisplayDigit@position:	
   111                           ; 1 bytes @ 0xE
   112                           
   113                           
   114                           ; 1 bytes @ 0xE
   115  001A                     	ds	1
   116  001B                     DisplayDigit@data:	
   117                           
   118                           ; 1 bytes @ 0xF
   119  001B                     	ds	1
   120  001C                     ?_DisplayData:	
   121  001C                     DisplayData@data:	
   122                           ; 1 bytes @ 0x10
   123                           
   124                           
   125                           ; 2 bytes @ 0x10
   126  001C                     	ds	2
   127  001E                     ??_DisplayData:	
   128                           
   129                           ; 1 bytes @ 0x12
   130  001E                     	ds	2
   131  0020                     ??_main:	
   132                           
   133                           ; 1 bytes @ 0x14
   134  0020                     	ds	2
   135  0022                     main@sub_seconds:	
   136                           
   137                           ; 1 bytes @ 0x16
   138  0022                     	ds	1
   139  0023                     main@measure_enabled:	
   140                           
   141                           ; 1 bytes @ 0x17
   142  0023                     	ds	1
   143  0024                     main@seconds:	
   144                           
   145                           ; 1 bytes @ 0x18
   146  0024                     	ds	1
   147                           
   148                           	psect	maintext
   149  0338                     __pmaintext:	
   150 ;;
   151 ;;Main: autosize = 0, tempsize = 2, incstack = 0, save=0
   152 ;;
   153 ;; *************** function _main *****************
   154 ;; Defined at:
   155 ;;		line 90 in file "newmain.c"
   156 ;; Parameters:    Size  Location     Type
   157 ;;		None
   158 ;; Auto vars:     Size  Location     Type
   159 ;;  seconds         1   24[BANK0 ] unsigned char 
   160 ;;  measure_enab    1   23[BANK0 ] unsigned char 
   161 ;;  sub_seconds     1   22[BANK0 ] unsigned char 
   162 ;; Return value:  Size  Location     Type
   163 ;;                  1    wreg      void 
   164 ;; Registers used:
   165 ;;		wreg, fsr0l, fsr0h, status,2, status,0, pclath, cstack
   166 ;; Tracked objects:
   167 ;;		On entry : B00/0
   168 ;;		On exit  : 0/0
   169 ;;		Unchanged: 0/0
   170 ;; Data sizes:     COMMON   BANK0
   171 ;;      Params:         0       0
   172 ;;      Locals:         0       3
   173 ;;      Temps:          0       2
   174 ;;      Totals:         0       5
   175 ;;Total ram usage:        5 bytes
   176 ;; Hardware stack levels required when called:    2
   177 ;; This function calls:
   178 ;;		_DisplayData
   179 ;; This function is called by:
   180 ;;		Startup code after reset
   181 ;; This function uses a non-reentrant model
   182 ;;
   183                           
   184                           
   185                           ;psect for function _main
   186  0338                     _main:	
   187                           
   188                           ;newmain.c: 92: TMR0 = 0x00;
   189                           
   190                           ;incstack = 0
   191                           ; Regs used in _main: [wreg-fsr0h+status,2+status,0+pclath+cstack]
   192  0338  1283               	bcf	3,5	;RP0=0, select bank0
   193  0339  0181               	clrf	1	;volatile
   194                           
   195                           ;newmain.c: 93: T0CS = 0x00;
   196  033A  1683               	bsf	3,5	;RP0=1, select bank1
   197  033B  1281               	bcf	1,5	;volatile
   198                           
   199                           ;newmain.c: 94: T0SE = 0x00;
   200  033C  1201               	bcf	1,4	;volatile
   201                           
   202                           ;newmain.c: 95: PSA = 0x00;
   203  033D  1181               	bcf	1,3	;volatile
   204                           
   205                           ;newmain.c: 96: PS0 = 0x01;
   206  033E  1401               	bsf	1,0	;volatile
   207                           
   208                           ;newmain.c: 97: PS1 = 0x01;
   209  033F  1481               	bsf	1,1	;volatile
   210                           
   211                           ;newmain.c: 98: PS2 = 0x01;
   212  0340  1501               	bsf	1,2	;volatile
   213                           
   214                           ;newmain.c: 100: TRISA = 0xF0;
   215  0341  30F0               	movlw	240
   216  0342  0085               	movwf	5	;volatile
   217                           
   218                           ;newmain.c: 101: TRISB = 0x01;
   219  0343  3001               	movlw	1
   220  0344  0086               	movwf	6	;volatile
   221                           
   222                           ;newmain.c: 102: PORTA = 0x0F;
   223  0345  300F               	movlw	15
   224  0346  1283               	bcf	3,5	;RP0=0, select bank0
   225  0347  0085               	movwf	5	;volatile
   226                           
   227                           ;newmain.c: 103: PORTB = 0b10000000;
   228  0348  3080               	movlw	128
   229  0349  0086               	movwf	6	;volatile
   230                           
   231                           ;newmain.c: 105: bool measure_enabled = 0;
   232  034A  01A3               	clrf	main@measure_enabled
   233                           
   234                           ;newmain.c: 106: uint8_t sub_seconds, seconds = 0;
   235  034B  01A4               	clrf	main@seconds
   236  034C                     l861:	
   237                           ;newmain.c: 107: while(1)
   238                           
   239                           
   240                           ;newmain.c: 108: {
   241                           ;newmain.c: 109: if((PORTB & 0x01) == 0x00){
   242  034C  1283               	bcf	3,5	;RP0=0, select bank0
   243  034D  1806               	btfsc	6,0	;volatile
   244  034E  2B5E               	goto	l869
   245  034F                     l55:	
   246                           ;newmain.c: 110: while((PORTB & 0x01) == 0x00);
   247                           
   248  034F  1C06               	btfss	6,0	;volatile
   249  0350  2B4F               	goto	l55
   250                           
   251                           ;newmain.c: 111: measure_enabled ^= 1;
   252  0351  3001               	movlw	1
   253  0352  00A0               	movwf	??_main
   254  0353  0820               	movf	??_main,w
   255  0354  06A3               	xorwf	main@measure_enabled,f
   256                           
   257                           ;newmain.c: 112: _delay((unsigned long)((100)*(1000000/4000.0)));
   258  0355  3021               	movlw	33
   259  0356  00A1               	movwf	??_main+1
   260  0357  3076               	movlw	118
   261  0358  00A0               	movwf	??_main
   262  0359                     u357:	
   263  0359  0BA0               	decfsz	??_main,f
   264  035A  2B59               	goto	u357
   265  035B  0BA1               	decfsz	??_main+1,f
   266  035C  2B59               	goto	u357
   267  035D  0000               	nop
   268  035E                     l869:	
   269                           
   270                           ;newmain.c: 113: }
   271                           ;newmain.c: 114: if(T0IF && measure_enabled) sub_seconds++;
   272  035E  1D0B               	btfss	11,2	;volatile
   273  035F  2B68               	goto	l58
   274  0360  1283               	bcf	3,5	;RP0=0, select bank0
   275  0361  0823               	movf	main@measure_enabled,w
   276  0362  1903               	btfsc	3,2
   277  0363  2B68               	goto	l58
   278  0364  3001               	movlw	1
   279  0365  00A0               	movwf	??_main
   280  0366  0820               	movf	??_main,w
   281  0367  07A2               	addwf	main@sub_seconds,f
   282  0368                     l58:	
   283                           
   284                           ;newmain.c: 115: seconds = sub_seconds*2;
   285  0368  1283               	bcf	3,5	;RP0=0, select bank0
   286  0369  0822               	movf	main@sub_seconds,w
   287  036A  00A0               	movwf	??_main
   288  036B  0720               	addwf	??_main,w
   289  036C  00A1               	movwf	??_main+1
   290  036D  0821               	movf	??_main+1,w
   291  036E  00A4               	movwf	main@seconds
   292                           
   293                           ;newmain.c: 116: DisplayData(seconds);
   294  036F  0824               	movf	main@seconds,w
   295  0370  00A0               	movwf	??_main
   296  0371  01A1               	clrf	??_main+1
   297  0372  0820               	movf	??_main,w
   298  0373  009C               	movwf	DisplayData@data
   299  0374  0821               	movf	??_main+1,w
   300  0375  009D               	movwf	DisplayData@data+1
   301  0376  2378               	fcall	_DisplayData
   302  0377  2B4C               	goto	l861
   303  0378                     __end_of_main:	
   304                           
   305                           	psect	text1
   306  0378                     __ptext1:	
   307 ;; *************** function _DisplayData *****************
   308 ;; Defined at:
   309 ;;		line 78 in file "newmain.c"
   310 ;; Parameters:    Size  Location     Type
   311 ;;  data            2   16[BANK0 ] unsigned int 
   312 ;; Auto vars:     Size  Location     Type
   313 ;;		None
   314 ;; Return value:  Size  Location     Type
   315 ;;                  1    wreg      void 
   316 ;; Registers used:
   317 ;;		wreg, fsr0l, fsr0h, status,2, status,0, pclath, cstack
   318 ;; Tracked objects:
   319 ;;		On entry : 0/0
   320 ;;		On exit  : 0/0
   321 ;;		Unchanged: 0/0
   322 ;; Data sizes:     COMMON   BANK0
   323 ;;      Params:         0       2
   324 ;;      Locals:         0       0
   325 ;;      Temps:          0       2
   326 ;;      Totals:         0       4
   327 ;;Total ram usage:        4 bytes
   328 ;; Hardware stack levels used:    1
   329 ;; Hardware stack levels required when called:    1
   330 ;; This function calls:
   331 ;;		_DisplayDigit
   332 ;;		___lwdiv
   333 ;;		___lwmod
   334 ;; This function is called by:
   335 ;;		_main
   336 ;; This function uses a non-reentrant model
   337 ;;
   338                           
   339                           
   340                           ;psect for function _DisplayData
   341  0378                     _DisplayData:	
   342                           
   343                           ;newmain.c: 80: DisplayDigit(data%10, 0);
   344                           
   345                           ;incstack = 0
   346                           ; Regs used in _DisplayData: [wreg-fsr0h+status,2+status,0+pclath+cstack]
   347  0378  1283               	bcf	3,5	;RP0=0, select bank0
   348  0379  019A               	clrf	DisplayDigit@position
   349  037A  300A               	movlw	10
   350  037B  008C               	movwf	___lwmod@divisor
   351  037C  3000               	movlw	0
   352  037D  008D               	movwf	___lwmod@divisor+1
   353  037E  081D               	movf	DisplayData@data+1,w
   354  037F  008F               	movwf	___lwmod@dividend+1
   355  0380  081C               	movf	DisplayData@data,w
   356  0381  008E               	movwf	___lwmod@dividend
   357  0382  228C               	fcall	___lwmod
   358  0383  1283               	bcf	3,5	;RP0=0, select bank0
   359  0384  080C               	movf	?___lwmod,w
   360  0385  22BF               	fcall	_DisplayDigit
   361                           
   362                           ;newmain.c: 81: _delay((unsigned long)((50)*(1000000/4000.0)));
   363  0386  3011               	movlw	17
   364  0387  1283               	bcf	3,5	;RP0=0, select bank0
   365  0388  009F               	movwf	??_DisplayData+1
   366  0389  303A               	movlw	58
   367  038A  009E               	movwf	??_DisplayData
   368  038B                     u367:	
   369  038B  0B9E               	decfsz	??_DisplayData,f
   370  038C  2B8B               	goto	u367
   371  038D  0B9F               	decfsz	??_DisplayData+1,f
   372  038E  2B8B               	goto	u367
   373  038F  0000               	nop
   374                           
   375                           ;newmain.c: 82: DisplayDigit(data%100/10, 1);
   376  0390  1283               	bcf	3,5	;RP0=0, select bank0
   377  0391  019A               	clrf	DisplayDigit@position
   378  0392  0A9A               	incf	DisplayDigit@position,f
   379  0393  300A               	movlw	10
   380  0394  0092               	movwf	___lwdiv@divisor
   381  0395  3000               	movlw	0
   382  0396  0093               	movwf	___lwdiv@divisor+1
   383  0397  081D               	movf	DisplayData@data+1,w
   384  0398  008F               	movwf	___lwmod@dividend+1
   385  0399  081C               	movf	DisplayData@data,w
   386  039A  008E               	movwf	___lwmod@dividend
   387  039B  3064               	movlw	100
   388  039C  008C               	movwf	___lwmod@divisor
   389  039D  3000               	movlw	0
   390  039E  008D               	movwf	___lwmod@divisor+1
   391  039F  228C               	fcall	___lwmod
   392  03A0  1283               	bcf	3,5	;RP0=0, select bank0
   393  03A1  080D               	movf	?___lwmod+1,w
   394  03A2  0095               	movwf	___lwdiv@dividend+1
   395  03A3  080C               	movf	?___lwmod,w
   396  03A4  0094               	movwf	___lwdiv@dividend
   397  03A5  22FB               	fcall	___lwdiv
   398  03A6  1283               	bcf	3,5	;RP0=0, select bank0
   399  03A7  0812               	movf	?___lwdiv,w
   400  03A8  22BF               	fcall	_DisplayDigit
   401                           
   402                           ;newmain.c: 83: _delay((unsigned long)((50)*(1000000/4000.0)));
   403  03A9  3011               	movlw	17
   404  03AA  1283               	bcf	3,5	;RP0=0, select bank0
   405  03AB  009F               	movwf	??_DisplayData+1
   406  03AC  303A               	movlw	58
   407  03AD  009E               	movwf	??_DisplayData
   408  03AE                     u377:	
   409  03AE  0B9E               	decfsz	??_DisplayData,f
   410  03AF  2BAE               	goto	u377
   411  03B0  0B9F               	decfsz	??_DisplayData+1,f
   412  03B1  2BAE               	goto	u377
   413  03B2  0000               	nop
   414                           
   415                           ;newmain.c: 84: DisplayDigit(data%1000/100, 2);
   416  03B3  3002               	movlw	2
   417  03B4  1283               	bcf	3,5	;RP0=0, select bank0
   418  03B5  009E               	movwf	??_DisplayData
   419  03B6  081E               	movf	??_DisplayData,w
   420  03B7  009A               	movwf	DisplayDigit@position
   421  03B8  3064               	movlw	100
   422  03B9  0092               	movwf	___lwdiv@divisor
   423  03BA  3000               	movlw	0
   424  03BB  0093               	movwf	___lwdiv@divisor+1
   425  03BC  081D               	movf	DisplayData@data+1,w
   426  03BD  008F               	movwf	___lwmod@dividend+1
   427  03BE  081C               	movf	DisplayData@data,w
   428  03BF  008E               	movwf	___lwmod@dividend
   429  03C0  30E8               	movlw	232
   430  03C1  008C               	movwf	___lwmod@divisor
   431  03C2  3003               	movlw	3
   432  03C3  008D               	movwf	___lwmod@divisor+1
   433  03C4  228C               	fcall	___lwmod
   434  03C5  1283               	bcf	3,5	;RP0=0, select bank0
   435  03C6  080D               	movf	?___lwmod+1,w
   436  03C7  0095               	movwf	___lwdiv@dividend+1
   437  03C8  080C               	movf	?___lwmod,w
   438  03C9  0094               	movwf	___lwdiv@dividend
   439  03CA  22FB               	fcall	___lwdiv
   440  03CB  1283               	bcf	3,5	;RP0=0, select bank0
   441  03CC  0812               	movf	?___lwdiv,w
   442  03CD  22BF               	fcall	_DisplayDigit
   443                           
   444                           ;newmain.c: 85: _delay((unsigned long)((50)*(1000000/4000.0)));
   445  03CE  3011               	movlw	17
   446  03CF  1283               	bcf	3,5	;RP0=0, select bank0
   447  03D0  009F               	movwf	??_DisplayData+1
   448  03D1  303A               	movlw	58
   449  03D2  009E               	movwf	??_DisplayData
   450  03D3                     u387:	
   451  03D3  0B9E               	decfsz	??_DisplayData,f
   452  03D4  2BD3               	goto	u387
   453  03D5  0B9F               	decfsz	??_DisplayData+1,f
   454  03D6  2BD3               	goto	u387
   455  03D7  0000               	nop
   456                           
   457                           ;newmain.c: 86: DisplayDigit(data%10000/1000, 3);
   458  03D8  3003               	movlw	3
   459  03D9  1283               	bcf	3,5	;RP0=0, select bank0
   460  03DA  009E               	movwf	??_DisplayData
   461  03DB  081E               	movf	??_DisplayData,w
   462  03DC  009A               	movwf	DisplayDigit@position
   463  03DD  30E8               	movlw	232
   464  03DE  0092               	movwf	___lwdiv@divisor
   465  03DF  3003               	movlw	3
   466  03E0  0093               	movwf	___lwdiv@divisor+1
   467  03E1  081D               	movf	DisplayData@data+1,w
   468  03E2  008F               	movwf	___lwmod@dividend+1
   469  03E3  081C               	movf	DisplayData@data,w
   470  03E4  008E               	movwf	___lwmod@dividend
   471  03E5  3010               	movlw	16
   472  03E6  008C               	movwf	___lwmod@divisor
   473  03E7  3027               	movlw	39
   474  03E8  008D               	movwf	___lwmod@divisor+1
   475  03E9  228C               	fcall	___lwmod
   476  03EA  1283               	bcf	3,5	;RP0=0, select bank0
   477  03EB  080D               	movf	?___lwmod+1,w
   478  03EC  0095               	movwf	___lwdiv@dividend+1
   479  03ED  080C               	movf	?___lwmod,w
   480  03EE  0094               	movwf	___lwdiv@dividend
   481  03EF  22FB               	fcall	___lwdiv
   482  03F0  1283               	bcf	3,5	;RP0=0, select bank0
   483  03F1  0812               	movf	?___lwdiv,w
   484  03F2  22BF               	fcall	_DisplayDigit
   485                           
   486                           ;newmain.c: 87: _delay((unsigned long)((50)*(1000000/4000.0)));
   487  03F3  3011               	movlw	17
   488  03F4  1283               	bcf	3,5	;RP0=0, select bank0
   489  03F5  009F               	movwf	??_DisplayData+1
   490  03F6  303A               	movlw	58
   491  03F7  009E               	movwf	??_DisplayData
   492  03F8                     u397:	
   493  03F8  0B9E               	decfsz	??_DisplayData,f
   494  03F9  2BF8               	goto	u397
   495  03FA  0B9F               	decfsz	??_DisplayData+1,f
   496  03FB  2BF8               	goto	u397
   497  03FC  0000               	nop
   498  03FD  0008               	return
   499  03FE                     __end_of_DisplayData:	
   500                           
   501                           	psect	text2
   502  028C                     __ptext2:	
   503 ;; *************** function ___lwmod *****************
   504 ;; Defined at:
   505 ;;		line 6 in file "C:\Program Files (x86)\Microchip\xc8\v1.38\sources\common\lwmod.c"
   506 ;; Parameters:    Size  Location     Type
   507 ;;  divisor         2    0[BANK0 ] unsigned int 
   508 ;;  dividend        2    2[BANK0 ] unsigned int 
   509 ;; Auto vars:     Size  Location     Type
   510 ;;  counter         1    5[BANK0 ] unsigned char 
   511 ;; Return value:  Size  Location     Type
   512 ;;                  2    0[BANK0 ] unsigned int 
   513 ;; Registers used:
   514 ;;		wreg, status,2, status,0
   515 ;; Tracked objects:
   516 ;;		On entry : 0/0
   517 ;;		On exit  : 0/0
   518 ;;		Unchanged: 0/0
   519 ;; Data sizes:     COMMON   BANK0
   520 ;;      Params:         0       4
   521 ;;      Locals:         0       1
   522 ;;      Temps:          0       1
   523 ;;      Totals:         0       6
   524 ;;Total ram usage:        6 bytes
   525 ;; Hardware stack levels used:    1
   526 ;; This function calls:
   527 ;;		Nothing
   528 ;; This function is called by:
   529 ;;		_DisplayData
   530 ;; This function uses a non-reentrant model
   531 ;;
   532                           
   533                           
   534                           ;psect for function ___lwmod
   535  028C                     ___lwmod:	
   536                           
   537                           ;incstack = 0
   538                           ; Regs used in ___lwmod: [wreg+status,2+status,0]
   539  028C  1283               	bcf	3,5	;RP0=0, select bank0
   540  028D  080C               	movf	___lwmod@divisor,w
   541  028E  040D               	iorwf	___lwmod@divisor+1,w
   542  028F  1903               	btfsc	3,2
   543  0290  2ABA               	goto	l823
   544  0291  0191               	clrf	___lwmod@counter
   545  0292  0A91               	incf	___lwmod@counter,f
   546  0293                     l813:	
   547  0293  1B8D               	btfsc	___lwmod@divisor+1,7
   548  0294  2AA1               	goto	l815
   549  0295  3001               	movlw	1
   550  0296                     u265:	
   551  0296  1003               	clrc
   552  0297  0D8C               	rlf	___lwmod@divisor,f
   553  0298  0D8D               	rlf	___lwmod@divisor+1,f
   554  0299  3EFF               	addlw	-1
   555  029A  1D03               	skipz
   556  029B  2A96               	goto	u265
   557  029C  3001               	movlw	1
   558  029D  0090               	movwf	??___lwmod
   559  029E  0810               	movf	??___lwmod,w
   560  029F  0791               	addwf	___lwmod@counter,f
   561  02A0  2A93               	goto	l813
   562  02A1                     l815:	
   563  02A1  080D               	movf	___lwmod@divisor+1,w
   564  02A2  020F               	subwf	___lwmod@dividend+1,w
   565  02A3  1D03               	skipz
   566  02A4  2AA7               	goto	u285
   567  02A5  080C               	movf	___lwmod@divisor,w
   568  02A6  020E               	subwf	___lwmod@dividend,w
   569  02A7                     u285:	
   570  02A7  1C03               	skipc
   571  02A8  2AAF               	goto	l819
   572  02A9  080C               	movf	___lwmod@divisor,w
   573  02AA  028E               	subwf	___lwmod@dividend,f
   574  02AB  080D               	movf	___lwmod@divisor+1,w
   575  02AC  1C03               	skipc
   576  02AD  038F               	decf	___lwmod@dividend+1,f
   577  02AE  028F               	subwf	___lwmod@dividend+1,f
   578  02AF                     l819:	
   579  02AF  3001               	movlw	1
   580  02B0                     u295:	
   581  02B0  1003               	clrc
   582  02B1  0C8D               	rrf	___lwmod@divisor+1,f
   583  02B2  0C8C               	rrf	___lwmod@divisor,f
   584  02B3  3EFF               	addlw	-1
   585  02B4  1D03               	skipz
   586  02B5  2AB0               	goto	u295
   587  02B6  3001               	movlw	1
   588  02B7  0291               	subwf	___lwmod@counter,f
   589  02B8  1D03               	btfss	3,2
   590  02B9  2AA1               	goto	l815
   591  02BA                     l823:	
   592  02BA  080F               	movf	___lwmod@dividend+1,w
   593  02BB  008D               	movwf	?___lwmod+1
   594  02BC  080E               	movf	___lwmod@dividend,w
   595  02BD  008C               	movwf	?___lwmod
   596  02BE  0008               	return
   597  02BF                     __end_of___lwmod:	
   598                           
   599                           	psect	text3
   600  02FB                     __ptext3:	
   601 ;; *************** function ___lwdiv *****************
   602 ;; Defined at:
   603 ;;		line 6 in file "C:\Program Files (x86)\Microchip\xc8\v1.38\sources\common\lwdiv.c"
   604 ;; Parameters:    Size  Location     Type
   605 ;;  divisor         2    6[BANK0 ] unsigned int 
   606 ;;  dividend        2    8[BANK0 ] unsigned int 
   607 ;; Auto vars:     Size  Location     Type
   608 ;;  quotient        2   11[BANK0 ] unsigned int 
   609 ;;  counter         1   13[BANK0 ] unsigned char 
   610 ;; Return value:  Size  Location     Type
   611 ;;                  2    6[BANK0 ] unsigned int 
   612 ;; Registers used:
   613 ;;		wreg, status,2, status,0
   614 ;; Tracked objects:
   615 ;;		On entry : 0/0
   616 ;;		On exit  : 0/0
   617 ;;		Unchanged: 0/0
   618 ;; Data sizes:     COMMON   BANK0
   619 ;;      Params:         0       4
   620 ;;      Locals:         0       3
   621 ;;      Temps:          0       1
   622 ;;      Totals:         0       8
   623 ;;Total ram usage:        8 bytes
   624 ;; Hardware stack levels used:    1
   625 ;; This function calls:
   626 ;;		Nothing
   627 ;; This function is called by:
   628 ;;		_DisplayData
   629 ;; This function uses a non-reentrant model
   630 ;;
   631                           
   632                           
   633                           ;psect for function ___lwdiv
   634  02FB                     ___lwdiv:	
   635                           
   636                           ;incstack = 0
   637                           ; Regs used in ___lwdiv: [wreg+status,2+status,0]
   638  02FB  1283               	bcf	3,5	;RP0=0, select bank0
   639  02FC  0197               	clrf	___lwdiv@quotient
   640  02FD  0198               	clrf	___lwdiv@quotient+1
   641  02FE  0812               	movf	___lwdiv@divisor,w
   642  02FF  0413               	iorwf	___lwdiv@divisor+1,w
   643  0300  1903               	btfsc	3,2
   644  0301  2B33               	goto	l801
   645  0302  0199               	clrf	___lwdiv@counter
   646  0303  0A99               	incf	___lwdiv@counter,f
   647  0304                     l789:	
   648  0304  1B93               	btfsc	___lwdiv@divisor+1,7
   649  0305  2B12               	goto	l791
   650  0306  3001               	movlw	1
   651  0307                     u195:	
   652  0307  1003               	clrc
   653  0308  0D92               	rlf	___lwdiv@divisor,f
   654  0309  0D93               	rlf	___lwdiv@divisor+1,f
   655  030A  3EFF               	addlw	-1
   656  030B  1D03               	skipz
   657  030C  2B07               	goto	u195
   658  030D  3001               	movlw	1
   659  030E  0096               	movwf	??___lwdiv
   660  030F  0816               	movf	??___lwdiv,w
   661  0310  0799               	addwf	___lwdiv@counter,f
   662  0311  2B04               	goto	l789
   663  0312                     l791:	
   664  0312  3001               	movlw	1
   665  0313                     u215:	
   666  0313  1003               	clrc
   667  0314  0D97               	rlf	___lwdiv@quotient,f
   668  0315  0D98               	rlf	___lwdiv@quotient+1,f
   669  0316  3EFF               	addlw	-1
   670  0317  1D03               	skipz
   671  0318  2B13               	goto	u215
   672  0319  0813               	movf	___lwdiv@divisor+1,w
   673  031A  0215               	subwf	___lwdiv@dividend+1,w
   674  031B  1D03               	skipz
   675  031C  2B1F               	goto	u225
   676  031D  0812               	movf	___lwdiv@divisor,w
   677  031E  0214               	subwf	___lwdiv@dividend,w
   678  031F                     u225:	
   679  031F  1C03               	skipc
   680  0320  2B28               	goto	l797
   681  0321  0812               	movf	___lwdiv@divisor,w
   682  0322  0294               	subwf	___lwdiv@dividend,f
   683  0323  0813               	movf	___lwdiv@divisor+1,w
   684  0324  1C03               	skipc
   685  0325  0395               	decf	___lwdiv@dividend+1,f
   686  0326  0295               	subwf	___lwdiv@dividend+1,f
   687  0327  1417               	bsf	___lwdiv@quotient,0
   688  0328                     l797:	
   689  0328  3001               	movlw	1
   690  0329                     u235:	
   691  0329  1003               	clrc
   692  032A  0C93               	rrf	___lwdiv@divisor+1,f
   693  032B  0C92               	rrf	___lwdiv@divisor,f
   694  032C  3EFF               	addlw	-1
   695  032D  1D03               	skipz
   696  032E  2B29               	goto	u235
   697  032F  3001               	movlw	1
   698  0330  0299               	subwf	___lwdiv@counter,f
   699  0331  1D03               	btfss	3,2
   700  0332  2B12               	goto	l791
   701  0333                     l801:	
   702  0333  0818               	movf	___lwdiv@quotient+1,w
   703  0334  0093               	movwf	?___lwdiv+1
   704  0335  0817               	movf	___lwdiv@quotient,w
   705  0336  0092               	movwf	?___lwdiv
   706  0337  0008               	return
   707  0338                     __end_of___lwdiv:	
   708                           
   709                           	psect	text4
   710  02BF                     __ptext4:	
   711 ;; *************** function _DisplayDigit *****************
   712 ;; Defined at:
   713 ;;		line 28 in file "newmain.c"
   714 ;; Parameters:    Size  Location     Type
   715 ;;  data            1    wreg     unsigned char 
   716 ;;  position        1   14[BANK0 ] unsigned char 
   717 ;; Auto vars:     Size  Location     Type
   718 ;;  data            1   15[BANK0 ] unsigned char 
   719 ;; Return value:  Size  Location     Type
   720 ;;                  1    wreg      void 
   721 ;; Registers used:
   722 ;;		wreg, fsr0l, fsr0h, status,2, status,0
   723 ;; Tracked objects:
   724 ;;		On entry : 0/0
   725 ;;		On exit  : 0/0
   726 ;;		Unchanged: 0/0
   727 ;; Data sizes:     COMMON   BANK0
   728 ;;      Params:         0       1
   729 ;;      Locals:         0       1
   730 ;;      Temps:          0       0
   731 ;;      Totals:         0       2
   732 ;;Total ram usage:        2 bytes
   733 ;; Hardware stack levels used:    1
   734 ;; This function calls:
   735 ;;		Nothing
   736 ;; This function is called by:
   737 ;;		_DisplayData
   738 ;; This function uses a non-reentrant model
   739 ;;
   740                           
   741                           
   742                           ;psect for function _DisplayDigit
   743  02BF                     _DisplayDigit:	
   744                           
   745                           ;incstack = 0
   746                           ; Regs used in _DisplayDigit: [wreg-fsr0h+status,2+status,0]
   747                           ;DisplayDigit@data stored from wreg
   748  02BF  1283               	bcf	3,5	;RP0=0, select bank0
   749  02C0  009B               	movwf	DisplayDigit@data
   750                           
   751                           ;newmain.c: 30: switch(data){
   752  02C1  2AD7               	goto	l753
   753  02C2                     l731:	
   754                           ;newmain.c: 31: case 0:
   755                           
   756                           
   757                           ;newmain.c: 32: PORTB = 0b10000000;
   758  02C2  3080               	movlw	128
   759  02C3  2AD5               	goto	L8
   760  02C4                     l733:	
   761                           ;newmain.c: 34: case 1:
   762                           
   763                           ;newmain.c: 33: break;
   764                           
   765                           
   766                           ;newmain.c: 35: PORTB = 0b11110010;
   767  02C4  30F2               	movlw	242
   768  02C5  2AD5               	goto	L8
   769  02C6                     l735:	
   770                           ;newmain.c: 37: case 2:
   771                           
   772                           ;newmain.c: 36: break;
   773                           
   774                           
   775                           ;newmain.c: 38: PORTB = 0b01001000;
   776  02C6  3048               	movlw	72
   777  02C7  2AD5               	goto	L8
   778  02C8                     l737:	
   779                           ;newmain.c: 40: case 3:
   780                           
   781                           ;newmain.c: 39: break;
   782                           
   783                           
   784                           ;newmain.c: 41: PORTB = 0b01100000;
   785  02C8  3060               	movlw	96
   786  02C9  2AD5               	goto	L8
   787  02CA                     l739:	
   788                           ;newmain.c: 43: case 4:
   789                           
   790                           ;newmain.c: 42: break;
   791                           
   792                           
   793                           ;newmain.c: 44: PORTB = 0b00110010;
   794  02CA  3032               	movlw	50
   795  02CB  2AD5               	goto	L8
   796  02CC                     l741:	
   797                           ;newmain.c: 46: case 5:
   798                           
   799                           ;newmain.c: 45: break;
   800                           
   801                           
   802                           ;newmain.c: 47: PORTB = 0b00100100;
   803  02CC  3024               	movlw	36
   804  02CD  2AD5               	goto	L8
   805  02CE                     l743:	
   806                           ;newmain.c: 49: case 6:
   807                           
   808                           ;newmain.c: 48: break;
   809                           
   810                           
   811                           ;newmain.c: 50: PORTB = 0b00000100;
   812  02CE  3004               	movlw	4
   813  02CF  2AD5               	goto	L8
   814  02D0                     l745:	
   815                           ;newmain.c: 52: case 7:
   816                           
   817                           ;newmain.c: 51: break;
   818                           
   819                           
   820                           ;newmain.c: 53: PORTB = 0b11110000;
   821  02D0  30F0               	movlw	240
   822  02D1  2AD5               	goto	L8
   823  02D2                     l747:	
   824                           ;newmain.c: 55: case 8:
   825                           
   826                           ;newmain.c: 54: break;
   827                           
   828                           
   829                           ;newmain.c: 56: PORTB = 0b00000000;
   830  02D2  0186               	clrf	6	;volatile
   831                           
   832                           ;newmain.c: 57: break;
   833  02D3  2AEF               	goto	l765
   834  02D4                     l749:	
   835                           ;newmain.c: 58: case 9:
   836                           
   837                           
   838                           ;newmain.c: 59: PORTB = 0b00100000;
   839  02D4  3020               	movlw	32
   840  02D5                     L8:	
   841  02D5  0086               	movwf	6	;volatile
   842                           
   843                           ;newmain.c: 61: }
   844                           
   845                           ;newmain.c: 60: break;
   846  02D6  2AEF               	goto	l765
   847  02D7                     l753:	
   848  02D7  081B               	movf	DisplayDigit@data,w
   849                           
   850                           ; Switch size 1, requested type "space"
   851                           ; Number of cases is 10, Range of values is 0 to 9
   852                           ; switch strategies available:
   853                           ; Name         Instructions Cycles
   854                           ; direct_byte           16     6 (fixed)
   855                           ; simple_byte           31    16 (average)
   856                           ; jumptable            260     6 (fixed)
   857                           ;	Chosen strategy is direct_byte
   858  02D8  0084               	movwf	4
   859  02D9  300A               	movlw	10
   860  02DA  0204               	subwf	4,w
   861  02DB  1803               	skipnc
   862  02DC  2AEF               	goto	l765
   863  02DD  3000               	movlw	high S937
   864  02DE  008A               	movwf	10
   865  02DF  3001               	movlw	low S937
   866  02E0  0704               	addwf	4,w
   867  02E1  0082               	movwf	2
   868                           
   869                           ;newmain.c: 62: switch(position){
   870  02E2  2AEF               	goto	l765
   871  02E3                     l755:	
   872                           ;newmain.c: 63: case 0:
   873                           
   874                           
   875                           ;newmain.c: 64: PORTA = 0x08;
   876  02E3  3008               	movlw	8
   877  02E4  0085               	movwf	5	;volatile
   878                           
   879                           ;newmain.c: 65: break;
   880  02E5  0008               	return
   881  02E6                     l757:	
   882                           ;newmain.c: 66: case 1:
   883                           
   884                           
   885                           ;newmain.c: 67: PORTA = 0x04;
   886  02E6  3004               	movlw	4
   887  02E7  0085               	movwf	5	;volatile
   888                           
   889                           ;newmain.c: 68: break;
   890  02E8  0008               	return
   891  02E9                     l759:	
   892                           ;newmain.c: 69: case 2:
   893                           
   894                           
   895                           ;newmain.c: 70: PORTA = 0x02;
   896  02E9  3002               	movlw	2
   897  02EA  0085               	movwf	5	;volatile
   898                           
   899                           ;newmain.c: 71: break;
   900  02EB  0008               	return
   901  02EC                     l761:	
   902                           ;newmain.c: 72: case 3:
   903                           
   904                           
   905                           ;newmain.c: 73: PORTA = 0x01;
   906  02EC  3001               	movlw	1
   907  02ED  0085               	movwf	5	;volatile
   908                           
   909                           ;newmain.c: 75: }
   910                           
   911                           ;newmain.c: 74: break;
   912  02EE  0008               	return
   913  02EF                     l765:	
   914  02EF  081A               	movf	DisplayDigit@position,w
   915                           
   916                           ; Switch size 1, requested type "space"
   917                           ; Number of cases is 4, Range of values is 0 to 3
   918                           ; switch strategies available:
   919                           ; Name         Instructions Cycles
   920                           ; direct_byte           10     6 (fixed)
   921                           ; simple_byte           13     7 (average)
   922                           ; jumptable            260     6 (fixed)
   923                           ;	Chosen strategy is direct_byte
   924  02F0  0084               	movwf	4
   925  02F1  3004               	movlw	4
   926  02F2  0204               	subwf	4,w
   927  02F3  1803               	skipnc
   928  02F4  0008               	return
   929  02F5  3000               	movlw	high S939
   930  02F6  008A               	movwf	10
   931  02F7  300B               	movlw	low S939
   932  02F8  0704               	addwf	4,w
   933  02F9  0082               	movwf	2
   934  02FA  0008               	return
   935  02FB                     __end_of_DisplayDigit:	
   936  004E                     btemp	set	78	;btemp
   937  004E                     wtemp	set	78
   938  004E                     wtemp0	set	78
   939  0050                     wtemp1	set	80
   940  0052                     wtemp2	set	82
   941  0054                     wtemp3	set	84
   942  0056                     wtemp4	set	86
   943  0058                     wtemp5	set	88
   944  004F                     wtemp6	set	79
   945  004E                     ttemp	set	78
   946  004E                     ttemp0	set	78
   947  0051                     ttemp1	set	81
   948  0054                     ttemp2	set	84
   949  0057                     ttemp3	set	87
   950  004F                     ttemp4	set	79
   951  004E                     ltemp	set	78
   952  004E                     ltemp0	set	78
   953  0052                     ltemp1	set	82
   954  0056                     ltemp2	set	86
   955  0050                     ltemp3	set	80
   956                           
   957                           	psect	swtext1
   958  0001                     __pswtext1:	
   959  0001                     S937:	
   960  0001  2AC2               	ljmp	l731
   961  0002  2AC4               	ljmp	l733
   962  0003  2AC6               	ljmp	l735
   963  0004  2AC8               	ljmp	l737
   964  0005  2ACA               	ljmp	l739
   965  0006  2ACC               	ljmp	l741
   966  0007  2ACE               	ljmp	l743
   967  0008  2AD0               	ljmp	l745
   968  0009  2AD2               	ljmp	l747
   969  000A  2AD4               	ljmp	l749
   970                           
   971                           	psect	swtext2
   972  000B                     __pswtext2:	
   973  000B                     S939:	
   974  000B  2AE3               	ljmp	l755
   975  000C  2AE6               	ljmp	l757
   976  000D  2AE9               	ljmp	l759
   977  000E  2AEC               	ljmp	l761


Data Sizes:
    Strings     0
    Constant    0
    Data        0
    BSS         0
    Persistent  0
    Stack       0

Auto Spaces:
    Space          Size  Autos    Used
    COMMON            0      0       0
    BANK0            66     25      25

Pointer List with Targets:

    None.

Critical Paths under _main in COMMON

    None.

Critical Paths under _main in BANK0

    _main->_DisplayData
    _DisplayData->_DisplayDigit
    ___lwdiv->___lwmod
    _DisplayDigit->___lwdiv

Call Graph Tables:

 ---------------------------------------------------------------------------------
 (Depth) Function   	        Calls       Base Space   Used Autos Params    Refs
 ---------------------------------------------------------------------------------
 (0) _main                                                 5     5      0    1531
                                             20 BANK0      5     5      0
                        _DisplayData
 ---------------------------------------------------------------------------------
 (1) _DisplayData                                          4     2      2    1460
                                             16 BANK0      4     2      2
                       _DisplayDigit
                            ___lwdiv
                            ___lwmod
 ---------------------------------------------------------------------------------
 (2) ___lwmod                                              6     2      4     583
                                              0 BANK0      6     2      4
 ---------------------------------------------------------------------------------
 (2) ___lwdiv                                              8     4      4     480
                                              6 BANK0      8     4      4
                            ___lwmod (ARG)
 ---------------------------------------------------------------------------------
 (2) _DisplayDigit                                         2     1      1     256
                                             14 BANK0      2     1      1
                            ___lwdiv (ARG)
                            ___lwmod (ARG)
 ---------------------------------------------------------------------------------
 Estimated maximum stack depth 2
 ---------------------------------------------------------------------------------

 Call Graph Graphs:

 _main (ROOT)
   _DisplayData
     _DisplayDigit
       ___lwdiv (ARG)
         ___lwmod (ARG)
       ___lwmod (ARG)
     ___lwdiv
       ___lwmod (ARG)
     ___lwmod

 Address spaces:
Name               Size   Autos  Total    Cost      Usage
BITCOMMON            0      0       0       0        0.0%
EEDATA              40      0       0       0        0.0%
NULL                 0      0       0       0        0.0%
CODE                 0      0       0       0        0.0%
BITSFR0              0      0       0       1        0.0%
SFR0                 0      0       0       1        0.0%
COMMON               0      0       0       1        0.0%
BITSFR1              0      0       0       2        0.0%
SFR1                 0      0       0       2        0.0%
STACK                0      0       0       2        0.0%
BANK0               42     19      19       3       37.9%
ABS                  0      0       0       4        0.0%
BITBANK0            42      0       0       5        0.0%
DATA                 0      0       0       6        0.0%


Microchip Technology PIC Macro Assembler V1.38 build -256452561 
Symbol Table                                                                                   Tue Oct 25 15:42:08 2016

                      pc 0002                       l55 034F                       l58 0368  
                     fsr 0004                      S937 0001                      S939 000B  
                    l801 0333                      l731 02C2                      l741 02CC  
                    l733 02C4                      l813 0293                      l743 02CE  
                    l735 02C6                      l815 02A1                      l823 02BA  
                    l761 02EC                      l745 02D0                      l737 02C8  
                    l753 02D7                      l755 02E3                      l747 02D2  
                    l739 02CA                      l819 02AF                      l757 02E6  
                    l749 02D4                      l765 02EF                      l861 034C  
                    l759 02E9                      l791 0312                      l797 0328  
                    l789 0304                      l869 035E                      u215 0313  
                    u225 031F                      u235 0329                      _PS0 0408  
                    _PS1 0409                      _PS2 040A                      u265 0296  
                    u195 0307                      u285 02A7                      u357 0359  
                    u295 02B0                      u367 038B                      u377 03AE  
                    u387 03D3                      u397 03F8                      _PSA 040B  
                   _T0IF 005A                     _T0CS 040D                     _T0SE 040C  
                   _TMR0 0001              main@seconds 0024                     _main 0338  
                   btemp 004E                     ltemp 004E                     start 0000  
                   ttemp 004E                     wtemp 004E      __end_of_DisplayData 03FE  
                  ?_main 000C          __end_of___lwdiv 0338          __end_of___lwmod 02BF  
                  _PORTA 0005                    _PORTB 0006                    _TRISA 0085  
                  _TRISB 0086                    pclath 000A                    ltemp0 004E  
                  ltemp1 0052                    ltemp2 0056                    ltemp3 0050  
                  ttemp0 004E                    ttemp1 0051                    ttemp2 0054  
                  ttemp3 0057                    ttemp4 004F                    status 0003  
                  wtemp0 004E                    wtemp1 0050                    wtemp2 0052  
                  wtemp3 0054                    wtemp4 0056                    wtemp5 0058  
                  wtemp6 004F          __initialization 03FE             __end_of_main 0378  
                 ??_main 0020     __end_of_DisplayDigit 02FB              _DisplayData 0378  
              ??___lwdiv 0016                ??___lwmod 0010  __end_of__initialization 03FE  
         __pcstackCOMMON 0000               __pmaintext 0338    __size_of_DisplayDigit 003C  
   DisplayDigit@position 001A             _DisplayDigit 02BF                  ___lwdiv 02FB  
                ___lwmod 028C                  __ptext1 0378                  __ptext2 028C  
                __ptext3 02FB                  __ptext4 02BF     end_of_initialization 03FE  
        DisplayData@data 001C             ?_DisplayData 001C      start_initialization 03FE  
              ___latbits 0000            __pcstackBANK0 000C         ___lwdiv@dividend 0014  
   __size_of_DisplayData 0086                 ?___lwdiv 0012                 ?___lwmod 000C  
              __pswtext1 0001                __pswtext2 000B         ___lwdiv@quotient 0017  
       __size_of___lwdiv 003D         __size_of___lwmod 0033          ___lwdiv@divisor 0012  
        ___lwdiv@counter 0019      main@measure_enabled 0023            __size_of_main 0040  
       ___lwmod@dividend 000E            ?_DisplayDigit 001A          main@sub_seconds 0022  
       DisplayDigit@data 001B          ___lwmod@divisor 000C          ___lwmod@counter 0011  
         ??_DisplayDigit 0000            ??_DisplayData 001E  
