Сборка начата 04.04.2015 16:03:05.
     1>Проект "C:\Users\Antonio\OneDrive\Projects\bsuir.visualstudioonline\OSISP\lab5\lab5.vcxproj" в узле 5 (целевые объекты Build).
     1>ClCompile:
         C:\Program Files (x86)\Microsoft Visual Studio 12.0\VC\bin\CL.exe /c /ZI /nologo /W3 /WX- /Od /Oy- /D WIN32 /D _DEBUG /D _CONSOLE /D _LIB /D _UNICODE /D UNICODE /Gm /EHsc /RTC1 /MDd /GS /fp:precise /Zc:wchar_t /Zc:forScope /Fo"Debug\\" /Fd"Debug\vc120.pdb" /FR"Debug\\" /Gd /TP /analyze- /errorReport:prompt main.cpp
         main.cpp
     1>c:\users\antonio\onedrive\projects\bsuir.visualstudioonline\osisp\lab5\main.cpp(16): warning C4996: 'localtime': This function or variable may be unsafe. Consider using localtime_s instead. To disable deprecation, use _CRT_SECURE_NO_WARNINGS. See online help for details.
                 c:\program files (x86)\microsoft visual studio 12.0\vc\include\time.inl(112): см. объявление "localtime"
     1>c:\users\antonio\onedrive\projects\bsuir.visualstudioonline\osisp\lab5\main.cpp(29): warning C4996: 'asctime': This function or variable may be unsafe. Consider using asctime_s instead. To disable deprecation, use _CRT_SECURE_NO_WARNINGS. See online help for details.
                 c:\program files (x86)\microsoft visual studio 12.0\vc\include\time.h(174): см. объявление "asctime"
     1>c:\users\antonio\onedrive\projects\bsuir.visualstudioonline\osisp\lab5\main.cpp(47): warning C4996: 'localtime': This function or variable may be unsafe. Consider using localtime_s instead. To disable deprecation, use _CRT_SECURE_NO_WARNINGS. See online help for details.
                 c:\program files (x86)\microsoft visual studio 12.0\vc\include\time.inl(112): см. объявление "localtime"
     1>c:\users\antonio\onedrive\projects\bsuir.visualstudioonline\osisp\lab5\main.cpp(48): warning C4996: 'asctime': This function or variable may be unsafe. Consider using asctime_s instead. To disable deprecation, use _CRT_SECURE_NO_WARNINGS. See online help for details.
                 c:\program files (x86)\microsoft visual studio 12.0\vc\include\time.h(174): см. объявление "asctime"
       Link:
         C:\Program Files (x86)\Microsoft Visual Studio 12.0\VC\bin\link.exe /ERRORREPORT:PROMPT /OUT:"C:\Users\Antonio\OneDrive\Projects\bsuir.visualstudioonline\OSISP\Debug\lab5.exe" /INCREMENTAL /NOLOGO kernel32.lib user32.lib gdi32.lib winspool.lib comdlg32.lib advapi32.lib shell32.lib ole32.lib oleaut32.lib uuid.lib odbc32.lib odbccp32.lib /MANIFEST /MANIFESTUAC:"level='asInvoker' uiAccess='false'" /manifest:embed /DEBUG /PDB:"C:\Users\Antonio\OneDrive\Projects\bsuir.visualstudioonline\OSISP\Debug\lab5.pdb" /SUBSYSTEM:CONSOLE /TLBID:1 /DYNAMICBASE /NXCOMPAT /IMPLIB:"C:\Users\Antonio\OneDrive\Projects\bsuir.visualstudioonline\OSISP\Debug\lab5.lib" /MACHINE:X86 Debug\main.obj
         LINK : не найден или не выполнена сборка C:\Users\Antonio\OneDrive\Projects\bsuir.visualstudioonline\OSISP\Debug\lab5.exe при последней инкрементной компоновке; выполняется полная компоновка
         lab5.vcxproj -> C:\Users\Antonio\OneDrive\Projects\bsuir.visualstudioonline\OSISP\Debug\lab5.exe
       BscMake:
         C:\Program Files (x86)\Microsoft Visual Studio 12.0\VC\bin\bscmake.exe /nologo /o"C:\Users\Antonio\OneDrive\Projects\bsuir.visualstudioonline\OSISP\Debug\lab5.bsc" /n Debug\main.sbr
     1>Сборка проекта "C:\Users\Antonio\OneDrive\Projects\bsuir.visualstudioonline\OSISP\lab5\lab5.vcxproj" завершена (целевые объекты Build).

Сборка успешно завершена.

Затраченное время: 00:00:05.51
